This is pdfTeX, Version 3.14159265-2.6-1.40.19 (TeX Live 2018) (preloaded format=pdflatex 2019.4.7)  6 OCT 2019 18:50
entering extended mode
 \write18 enabled.
 file:line:error style messages enabled.
 %&-line parsing enabled.
**\input econtex.cls
(./econtex.cls

LaTeX Warning: You have requested package `',
               but the package provides `econtex'.

Package: econtex 2017/08/01 LaTeX class for economics papers, handouts, and exa
m questions written by Christopher Carroll
(./snapshot.sty
Package: snapshot 2002/03/05 v1.14
) (/usr/local/texlive/2018/texmf-dist/tex/latex/base/ifthen.sty
Package: ifthen 2014/09/29 v1.1c Standard LaTeX ifthen package (DPC)
) (/usr/local/texlive/2018/texmf-dist/tex/latex/changepage/changepage.sty
Package: changepage 2009/10/20 v1.0c check page and change page layout
\c@cp@cntr=\count80
\cp@tempcnt=\count81
)
./econtex.cls:39: You can't use `\spacefactor' in vertical mode.
\@->\spacefactor 
                 \@m {}
l.39 \@
       ifundefined{pdfoutput}{}{\ifnum\pdfoutput>0 \dvifalse\fi}
Sorry, but I'm not programmed to handle this case;
I'll just pretend that you didn't ask for it.
If you're in the wrong mode, you might be able to
return to the right one by typing `I}' or `I$' or `I\par'.

./econtex.cls:39: Missing $ inserted.
<inserted text> 
                $
l.39 \@
       ifundefined{pdfoutput}{}{\ifnum\pdfoutput>0 \dvifalse\fi}
I've inserted a begin-math/end-math symbol since I think
you left one out. Proceed, with fingers crossed.


./econtex.cls:39: LaTeX Error: Missing \begin{document}.

See the LaTeX manual or LaTeX Companion for explanation.
Type  H <return>  for immediate help.
 ...                                              
                                                  
l.39 \@
       ifundefined{pdfoutput}{}{\ifnum\pdfoutput>0 \dvifalse\fi}
You're in trouble here.  Try typing  <return>  to proceed.
If that doesn't work, type  X <return>  to quit.

LaTeX Font Info:    External font `cmex10' loaded for size
(Font)              <7> on input line 39.
LaTeX Font Info:    External font `cmex10' loaded for size
(Font)              <5> on input line 39.
./econtex.cls:40: Missing $ inserted.
<inserted text> 
                $
l.40 
     
I've inserted a begin-math/end-math symbol since I think
you left one out. Proceed, with fingers crossed.

Missing character: There is no è in font cmex10!

Overfull \hbox (119.37788pt too wide) in paragraph at lines 39--40
[]$[]\OML/cmm/m/it/10 ifundefined[][][]$ 
 []

(/usr/local/texlive/2018/texmf-dist/tex/latex/setspace/setspace.sty
Package: setspace 2011/12/19 v6.7a set line spacing
)
\c@IncludeTitlePage=\count82

(/usr/local/texlive/2018/texmf-dist/tex/latex/koma-script/scrartcl.cls
Document Class: scrartcl 2019/02/01 v3.26b KOMA-Script document class (article)

(/usr/local/texlive/2018/texmf-dist/tex/latex/koma-script/scrkbase.sty
Package: scrkbase 2019/02/01 v3.26b KOMA-Script package (KOMA-Script-dependent 
basics and keyval usage)

(/usr/local/texlive/2018/texmf-dist/tex/latex/koma-script/scrbase.sty
Package: scrbase 2019/02/01 v3.26b KOMA-Script package (KOMA-Script-independent
 basics and keyval usage)

(/usr/local/texlive/2018/texmf-dist/tex/latex/graphics/keyval.sty
Package: keyval 2014/10/28 v1.15 key=value parser (DPC)
\KV@toks@=\toks14
)
(/usr/local/texlive/2018/texmf-dist/tex/latex/koma-script/scrlfile.sty
Package: scrlfile 2019/02/01 v3.26b KOMA-Script package (loading files)
)))
(/usr/local/texlive/2018/texmf-dist/tex/latex/koma-script/tocbasic.sty
Package: tocbasic 2019/02/01 v3.26b KOMA-Script package (handling toc-files)
\scr@dte@tocline@numberwidth=\skip41
\scr@dte@tocline@numbox=\box27
)
Package tocbasic Info: omitting babel extension for `toc'
(tocbasic)             because of feature `nobabel' available
(tocbasic)             for `toc' on input line 134.
Class scrartcl Info: File `scrsize12pt.clo' used to setup font sizes on input l
ine 2162.

(/usr/local/texlive/2018/texmf-dist/tex/latex/koma-script/scrsize12pt.clo
File: scrsize12pt.clo 2019/02/01 v3.26b KOMA-Script font size class option (12p
t)
)
(/usr/local/texlive/2018/texmf-dist/tex/latex/koma-script/typearea.sty
Package: typearea 2019/02/01 v3.26b KOMA-Script package (type area)
\ta@bcor=\skip42
\ta@div=\count83
\ta@hblk=\skip43
\ta@vblk=\skip44
\ta@temp=\skip45
\footheight=\skip46
Package typearea Info: These are the values describing the layout:
(typearea)             DIV  = 12
(typearea)             BCOR = 0.0pt
(typearea)             \paperwidth      = 597.50793pt
(typearea)              \textwidth      = 448.13095pt
(typearea)              DIV departure   = -6%
(typearea)              \evensidemargin = 2.4185pt
(typearea)              \oddsidemargin  = 2.4185pt
(typearea)             \paperheight     = 845.04694pt
(typearea)              \textheight     = 635.5pt
(typearea)              \topmargin      = -41.72441pt
(typearea)              \headheight     = 18.125pt
(typearea)              \headsep        = 21.75pt
(typearea)              \topskip        = 12.0pt
(typearea)              \footskip       = 50.75pt
(typearea)              \baselineskip   = 14.5pt
(typearea)              on input line 1715.
)
\c@part=\count84
\c@section=\count85
\c@subsection=\count86
\c@subsubsection=\count87
\c@paragraph=\count88
\c@subparagraph=\count89
\scr@dte@section@maxnumwidth=\skip47
Class scrartcl Info: using compatibility default `runin=bysign'
(scrartcl)           for `\section on input line 4489.
Class scrartcl Info: using compatibility default `afterindent=bysign'
(scrartcl)           for `\section on input line 4489.
\scr@dte@part@maxnumwidth=\skip48
Class scrartcl Info: using compatibility default `afterindent=false'
(scrartcl)           for `\part on input line 4497.
\scr@dte@subsection@maxnumwidth=\skip49
Class scrartcl Info: using compatibility default `runin=bysign'
(scrartcl)           for `\subsection on input line 4507.
Class scrartcl Info: using compatibility default `afterindent=bysign'
(scrartcl)           for `\subsection on input line 4507.
\scr@dte@subsubsection@maxnumwidth=\skip50
Class scrartcl Info: using compatibility default `runin=bysign'
(scrartcl)           for `\subsubsection on input line 4517.
Class scrartcl Info: using compatibility default `afterindent=bysign'
(scrartcl)           for `\subsubsection on input line 4517.
\scr@dte@paragraph@maxnumwidth=\skip51
Class scrartcl Info: using compatibility default `runin=bysign'
(scrartcl)           for `\paragraph on input line 4527.
Class scrartcl Info: using compatibility default `afterindent=bysign'
(scrartcl)           for `\paragraph on input line 4527.
\scr@dte@subparagraph@maxnumwidth=\skip52
Class scrartcl Info: using compatibility default `runin=bysign'
(scrartcl)           for `\subparagraph on input line 4537.
Class scrartcl Info: using compatibility default `afterindent=bysign'
(scrartcl)           for `\subparagraph on input line 4537.
\abovecaptionskip=\skip53
\belowcaptionskip=\skip54
\c@pti@nb@sid@b@x=\box28
Package tocbasic Info: omitting babel extension for `lof'
(tocbasic)             because of feature `nobabel' available
(tocbasic)             for `lof' on input line 5781.
\scr@dte@figure@maxnumwidth=\skip55
\c@figure=\count90
Package tocbasic Info: omitting babel extension for `lot'
(tocbasic)             because of feature `nobabel' available
(tocbasic)             for `lot' on input line 5793.
\scr@dte@table@maxnumwidth=\skip56
\c@table=\count91
Class scrartcl Info: Redefining `\numberline' on input line 5957.
\bibindent=\dimen102
)
[1{/usr/local/texlive/texmf-var/fonts/map/pdftex/updmap/pdftex.map}]
(/usr/local/texlive/2018/texmf-dist/tex/latex/base/fontenc.sty
Package: fontenc 2018/08/11 v2.0j Standard LaTeX package

(/usr/local/texlive/2018/texmf-dist/tex/latex/base/t1enc.def
File: t1enc.def 2018/08/11 v2.0j Standard LaTeX file
LaTeX Font Info:    Redeclaring font encoding T1 on input line 48.
))
(/usr/local/texlive/2018/texmf-dist/tex/generic/babel/babel.sty
Package: babel 2018/11/13 3.27 The Babel package

(/usr/local/texlive/2018/texmf-dist/tex/generic/babel/switch.def
File: switch.def 2018/11/13 3.27 Babel switching mechanism
)
(/usr/local/texlive/2018/texmf-dist/tex/generic/babel-english/english.ldf
Language: english 2017/06/06 v3.3r English support from the babel system

(/usr/local/texlive/2018/texmf-dist/tex/generic/babel/babel.def
File: babel.def 2018/11/13 3.27 Babel common definitions
\babel@savecnt=\count92
\U@D=\dimen103

(/usr/local/texlive/2018/texmf-dist/tex/generic/babel/txtbabel.def)
\bbl@dirlevel=\count93
)
\l@canadian = a dialect from \language\l@american 
\l@australian = a dialect from \language\l@british 
\l@newzealand = a dialect from \language\l@british 
))
./econtex.cls:80: You can't use `\spacefactor' in vertical mode.
\@->\spacefactor 
                 \@m {}
l.80 \normalsize
                
Sorry, but I'm not programmed to handle this case;
I'll just pretend that you didn't ask for it.
If you're in the wrong mode, you might be able to
return to the right one by typing `I}' or `I$' or `I\par'.

./econtex.cls:80: Missing $ inserted.
<inserted text> 
                $
l.80 \normalsize
                
I've inserted a begin-math/end-math symbol since I think
you left one out. Proceed, with fingers crossed.


./econtex.cls:80: LaTeX Error: Missing \begin{document}.

See the LaTeX manual or LaTeX Companion for explanation.
Type  H <return>  for immediate help.
 ...                                              
                                                  
l.80 \normalsize
                
You're in trouble here.  Try typing  <return>  to proceed.
If that doesn't work, type  X <return>  to quit.

LaTeX Font Info:    External font `cmex10' loaded for size
(Font)              <12> on input line 80.
LaTeX Font Info:    External font `cmex10' loaded for size
(Font)              <8> on input line 80.
LaTeX Font Info:    External font `cmex10' loaded for size
(Font)              <6> on input line 80.
./econtex.cls:80: You can't use `\spacefactor' in math mode.
\@->\spacefactor 
                 \@m {}
l.80 \normalsize
                
Sorry, but I'm not programmed to handle this case;
I'll just pretend that you didn't ask for it.
If you're in the wrong mode, you might be able to
return to the right one by typing `I}' or `I$' or `I\par'.

./econtex.cls:80: You can't use `\spacefactor' in math mode.
\@->\spacefactor 
                 \@m {}
l.80 \normalsize
                
Sorry, but I'm not programmed to handle this case;
I'll just pretend that you didn't ask for it.
If you're in the wrong mode, you might be able to
return to the right one by typing `I}' or `I$' or `I\par'.

./econtex.cls:80: You can't use `\spacefactor' in math mode.
\@->\spacefactor 
                 \@m {}
l.80 \normalsize
                
Sorry, but I'm not programmed to handle this case;
I'll just pretend that you didn't ask for it.
If you're in the wrong mode, you might be able to
return to the right one by typing `I}' or `I$' or `I\par'.

./econtex.cls:80: You can't use `\spacefactor' in math mode.
\@->\spacefactor 
                 \@m {}
l.80 \normalsize
                
Sorry, but I'm not programmed to handle this case;
I'll just pretend that you didn't ask for it.
If you're in the wrong mode, you might be able to
return to the right one by typing `I}' or `I$' or `I\par'.

./econtex.cls:80: You can't use `\spacefactor' in math mode.
\@->\spacefactor 
                 \@m {}
l.80 \normalsize
                
Sorry, but I'm not programmed to handle this case;
I'll just pretend that you didn't ask for it.
If you're in the wrong mode, you might be able to
return to the right one by typing `I}' or `I$' or `I\par'.

./econtex.cls:80: You can't use `\spacefactor' in math mode.
\@->\spacefactor 
                 \@m {}
l.80 \normalsize
                
Sorry, but I'm not programmed to handle this case;
I'll just pretend that you didn't ask for it.
If you're in the wrong mode, you might be able to
return to the right one by typing `I}' or `I$' or `I\par'.

./econtex.cls:80: You can't use `\spacefactor' in math mode.
\@->\spacefactor 
                 \@m {}
l.80 \normalsize
                
Sorry, but I'm not programmed to handle this case;
I'll just pretend that you didn't ask for it.
If you're in the wrong mode, you might be able to
return to the right one by typing `I}' or `I$' or `I\par'.

./econtex.cls:80: You can't use `\spacefactor' in math mode.
\@->\spacefactor 
                 \@m {}
l.80 \normalsize
                
Sorry, but I'm not programmed to handle this case;
I'll just pretend that you didn't ask for it.
If you're in the wrong mode, you might be able to
return to the right one by typing `I}' or `I$' or `I\par'.

./econtex.cls:80: You can't use `\spacefactor' in math mode.
\@->\spacefactor 
                 \@m {}
l.80 \normalsize
                
Sorry, but I'm not programmed to handle this case;
I'll just pretend that you didn't ask for it.
If you're in the wrong mode, you might be able to
return to the right one by typing `I}' or `I$' or `I\par'.

./econtex.cls:80: You can't use `\spacefactor' in math mode.
\@->\spacefactor 
                 \@m {}
l.80 \normalsize
                
Sorry, but I'm not programmed to handle this case;
I'll just pretend that you didn't ask for it.
If you're in the wrong mode, you might be able to
return to the right one by typing `I}' or `I$' or `I\par'.

./econtex.cls:80: You can't use `\spacefactor' in math mode.
\@->\spacefactor 
                 \@m {}
l.80 \normalsize
                
Sorry, but I'm not programmed to handle this case;
I'll just pretend that you didn't ask for it.
If you're in the wrong mode, you might be able to
return to the right one by typing `I}' or `I$' or `I\par'.

./econtex.cls:80: You can't use `\spacefactor' in math mode.
\@->\spacefactor 
                 \@m {}
l.80 \normalsize
                
Sorry, but I'm not programmed to handle this case;
I'll just pretend that you didn't ask for it.
If you're in the wrong mode, you might be able to
return to the right one by typing `I}' or `I$' or `I\par'.

./econtex.cls:80: You can't use `\spacefactor' in math mode.
\@->\spacefactor 
                 \@m {}
l.80 \normalsize
                
Sorry, but I'm not programmed to handle this case;
I'll just pretend that you didn't ask for it.
If you're in the wrong mode, you might be able to
return to the right one by typing `I}' or `I$' or `I\par'.

./econtex.cls:80: You can't use `\spacefactor' in math mode.
\@->\spacefactor 
                 \@m {}
l.80 \normalsize
                
Sorry, but I'm not programmed to handle this case;
I'll just pretend that you didn't ask for it.
If you're in the wrong mode, you might be able to
return to the right one by typing `I}' or `I$' or `I\par'.

./econtex.cls:80: You can't use `\spacefactor' in math mode.
\@->\spacefactor 
                 \@m {}
l.80 \normalsize
                
Sorry, but I'm not programmed to handle this case;
I'll just pretend that you didn't ask for it.
If you're in the wrong mode, you might be able to
return to the right one by typing `I}' or `I$' or `I\par'.

./econtex.cls:80: You can't use `\spacefactor' in math mode.
\@->\spacefactor 
                 \@m {}
l.80 \normalsize
                
Sorry, but I'm not programmed to handle this case;
I'll just pretend that you didn't ask for it.
If you're in the wrong mode, you might be able to
return to the right one by typing `I}' or `I$' or `I\par'.

./econtex.cls:80: You can't use `\spacefactor' in math mode.
\@->\spacefactor 
                 \@m {}
l.80 \normalsize
                
Sorry, but I'm not programmed to handle this case;
I'll just pretend that you didn't ask for it.
If you're in the wrong mode, you might be able to
return to the right one by typing `I}' or `I$' or `I\par'.

./econtex.cls:80: You can't use `\spacefactor' in math mode.
\@->\spacefactor 
                 \@m {}
l.80 \normalsize
                
Sorry, but I'm not programmed to handle this case;
I'll just pretend that you didn't ask for it.
If you're in the wrong mode, you might be able to
return to the right one by typing `I}' or `I$' or `I\par'.

./econtex.cls:80: You can't use `\spacefactor' in math mode.
\@->\spacefactor 
                 \@m {}
l.80 \normalsize
                
Sorry, but I'm not programmed to handle this case;
I'll just pretend that you didn't ask for it.
If you're in the wrong mode, you might be able to
return to the right one by typing `I}' or `I$' or `I\par'.

./econtex.cls:80: You can't use `\spacefactor' in math mode.
\@->\spacefactor 
                 \@m {}
l.80 \normalsize
                
Sorry, but I'm not programmed to handle this case;
I'll just pretend that you didn't ask for it.
If you're in the wrong mode, you might be able to
return to the right one by typing `I}' or `I$' or `I\par'.

./econtex.cls:80: You can't use `\spacefactor' in math mode.
\@->\spacefactor 
                 \@m {}
l.80 \normalsize
                
Sorry, but I'm not programmed to handle this case;
I'll just pretend that you didn't ask for it.
If you're in the wrong mode, you might be able to
return to the right one by typing `I}' or `I$' or `I\par'.

./econtex.cls:80: You can't use `\spacefactor' in math mode.
\@->\spacefactor 
                 \@m {}
l.80 \normalsize
                
Sorry, but I'm not programmed to handle this case;
I'll just pretend that you didn't ask for it.
If you're in the wrong mode, you might be able to
return to the right one by typing `I}' or `I$' or `I\par'.

./econtex.cls:80: You can't use `\spacefactor' in math mode.
\@->\spacefactor 
                 \@m {}
l.80 \normalsize
                
Sorry, but I'm not programmed to handle this case;
I'll just pretend that you didn't ask for it.
If you're in the wrong mode, you might be able to
return to the right one by typing `I}' or `I$' or `I\par'.

./econtex.cls:80: You can't use `\spacefactor' in math mode.
\@->\spacefactor 
                 \@m {}
l.80 \normalsize
                
Sorry, but I'm not programmed to handle this case;
I'll just pretend that you didn't ask for it.
If you're in the wrong mode, you might be able to
return to the right one by typing `I}' or `I$' or `I\par'.

./econtex.cls:80: You can't use `\spacefactor' in math mode.
\@->\spacefactor 
                 \@m {}
l.80 \normalsize
                
Sorry, but I'm not programmed to handle this case;
I'll just pretend that you didn't ask for it.
If you're in the wrong mode, you might be able to
return to the right one by typing `I}' or `I$' or `I\par'.

./econtex.cls:80: You can't use `\spacefactor' in math mode.
\@->\spacefactor 
                 \@m {}
l.80 \normalsize
                
Sorry, but I'm not programmed to handle this case;
I'll just pretend that you didn't ask for it.
If you're in the wrong mode, you might be able to
return to the right one by typing `I}' or `I$' or `I\par'.

./econtex.cls:80: You can't use `\spacefactor' in math mode.
\@->\spacefactor 
                 \@m {}
l.80 \normalsize
                
Sorry, but I'm not programmed to handle this case;
I'll just pretend that you didn't ask for it.
If you're in the wrong mode, you might be able to
return to the right one by typing `I}' or `I$' or `I\par'.

./econtex.cls:80: You can't use `\spacefactor' in math mode.
\@->\spacefactor 
                 \@m {}
l.80 \normalsize
                
Sorry, but I'm not programmed to handle this case;
I'll just pretend that you didn't ask for it.
If you're in the wrong mode, you might be able to
return to the right one by typing `I}' or `I$' or `I\par'.

./econtex.cls:80: You can't use `\spacefactor' in math mode.
\@->\spacefactor 
                 \@m {}
l.80 \normalsize
                
Sorry, but I'm not programmed to handle this case;
I'll just pretend that you didn't ask for it.
If you're in the wrong mode, you might be able to
return to the right one by typing `I}' or `I$' or `I\par'.

./econtex.cls:80: You can't use `\spacefactor' in math mode.
\@->\spacefactor 
                 \@m {}
l.80 \normalsize
                
Sorry, but I'm not programmed to handle this case;
I'll just pretend that you didn't ask for it.
If you're in the wrong mode, you might be able to
return to the right one by typing `I}' or `I$' or `I\par'.

./econtex.cls:80: You can't use `\spacefactor' in math mode.
\@->\spacefactor 
                 \@m {}
l.80 \normalsize
                
Sorry, but I'm not programmed to handle this case;
I'll just pretend that you didn't ask for it.
If you're in the wrong mode, you might be able to
return to the right one by typing `I}' or `I$' or `I\par'.

./econtex.cls:80: You can't use `\spacefactor' in math mode.
\@->\spacefactor 
                 \@m {}
l.80 \normalsize
                
Sorry, but I'm not programmed to handle this case;
I'll just pretend that you didn't ask for it.
If you're in the wrong mode, you might be able to
return to the right one by typing `I}' or `I$' or `I\par'.

./econtex.cls:80: You can't use `\spacefactor' in math mode.
\@->\spacefactor 
                 \@m {}
l.80 \normalsize
                
Sorry, but I'm not programmed to handle this case;
I'll just pretend that you didn't ask for it.
If you're in the wrong mode, you might be able to
return to the right one by typing `I}' or `I$' or `I\par'.

./econtex.cls:80: You can't use `\spacefactor' in math mode.
\@->\spacefactor 
                 \@m {}
l.80 \normalsize
                
Sorry, but I'm not programmed to handle this case;
I'll just pretend that you didn't ask for it.
If you're in the wrong mode, you might be able to
return to the right one by typing `I}' or `I$' or `I\par'.

./econtex.cls:80: You can't use `\spacefactor' in math mode.
\@->\spacefactor 
                 \@m {}
l.80 \normalsize
                
Sorry, but I'm not programmed to handle this case;
I'll just pretend that you didn't ask for it.
If you're in the wrong mode, you might be able to
return to the right one by typing `I}' or `I$' or `I\par'.

./econtex.cls:80: You can't use `\spacefactor' in math mode.
\@->\spacefactor 
                 \@m {}
l.80 \normalsize
                
Sorry, but I'm not programmed to handle this case;
I'll just pretend that you didn't ask for it.
If you're in the wrong mode, you might be able to
return to the right one by typing `I}' or `I$' or `I\par'.

./econtex.cls:80: You can't use `\spacefactor' in math mode.
\@->\spacefactor 
                 \@m {}
l.80 \normalsize
                
Sorry, but I'm not programmed to handle this case;
I'll just pretend that you didn't ask for it.
If you're in the wrong mode, you might be able to
return to the right one by typing `I}' or `I$' or `I\par'.

./econtex.cls:80: You can't use `\spacefactor' in math mode.
\@->\spacefactor 
                 \@m {}
l.80 \normalsize
                
Sorry, but I'm not programmed to handle this case;
I'll just pretend that you didn't ask for it.
If you're in the wrong mode, you might be able to
return to the right one by typing `I}' or `I$' or `I\par'.

./econtex.cls:80: You can't use `\spacefactor' in math mode.
\@->\spacefactor 
                 \@m {}
l.80 \normalsize
                
Sorry, but I'm not programmed to handle this case;
I'll just pretend that you didn't ask for it.
If you're in the wrong mode, you might be able to
return to the right one by typing `I}' or `I$' or `I\par'.

./econtex.cls:80: You can't use `\spacefactor' in math mode.
\@->\spacefactor 
                 \@m {}
l.80 \normalsize
                
Sorry, but I'm not programmed to handle this case;
I'll just pretend that you didn't ask for it.
If you're in the wrong mode, you might be able to
return to the right one by typing `I}' or `I$' or `I\par'.

./econtex.cls:80: You can't use `\spacefactor' in math mode.
\@->\spacefactor 
                 \@m {}
l.80 \normalsize
                
Sorry, but I'm not programmed to handle this case;
I'll just pretend that you didn't ask for it.
If you're in the wrong mode, you might be able to
return to the right one by typing `I}' or `I$' or `I\par'.

./econtex.cls:80: You can't use `\spacefactor' in math mode.
\@->\spacefactor 
                 \@m {}
l.80 \normalsize
                
Sorry, but I'm not programmed to handle this case;
I'll just pretend that you didn't ask for it.
If you're in the wrong mode, you might be able to
return to the right one by typing `I}' or `I$' or `I\par'.

./econtex.cls:80: You can't use `\spacefactor' in math mode.
\@->\spacefactor 
                 \@m {}
l.80 \normalsize
                
Sorry, but I'm not programmed to handle this case;
I'll just pretend that you didn't ask for it.
If you're in the wrong mode, you might be able to
return to the right one by typing `I}' or `I$' or `I\par'.

./econtex.cls:80: You can't use `\spacefactor' in math mode.
\@->\spacefactor 
                 \@m {}
l.80 \normalsize
                
Sorry, but I'm not programmed to handle this case;
I'll just pretend that you didn't ask for it.
If you're in the wrong mode, you might be able to
return to the right one by typing `I}' or `I$' or `I\par'.

./econtex.cls:80: You can't use `\spacefactor' in math mode.
\@->\spacefactor 
                 \@m {}
l.80 \normalsize
                
Sorry, but I'm not programmed to handle this case;
I'll just pretend that you didn't ask for it.
If you're in the wrong mode, you might be able to
return to the right one by typing `I}' or `I$' or `I\par'.

./econtex.cls:80: You can't use `\spacefactor' in math mode.
\@->\spacefactor 
                 \@m {}
l.80 \normalsize
                
Sorry, but I'm not programmed to handle this case;
I'll just pretend that you didn't ask for it.
If you're in the wrong mode, you might be able to
return to the right one by typing `I}' or `I$' or `I\par'.

./econtex.cls:80: You can't use `\spacefactor' in math mode.
\@->\spacefactor 
                 \@m {}
l.80 \normalsize
                
Sorry, but I'm not programmed to handle this case;
I'll just pretend that you didn't ask for it.
If you're in the wrong mode, you might be able to
return to the right one by typing `I}' or `I$' or `I\par'.

./econtex.cls:80: You can't use `\spacefactor' in math mode.
\@->\spacefactor 
                 \@m {}
l.80 \normalsize
                
Sorry, but I'm not programmed to handle this case;
I'll just pretend that you didn't ask for it.
If you're in the wrong mode, you might be able to
return to the right one by typing `I}' or `I$' or `I\par'.

./econtex.cls:80: You can't use `\spacefactor' in math mode.
\@->\spacefactor 
                 \@m {}
l.80 \normalsize
                
Sorry, but I'm not programmed to handle this case;
I'll just pretend that you didn't ask for it.
If you're in the wrong mode, you might be able to
return to the right one by typing `I}' or `I$' or `I\par'.

./econtex.cls:80: You can't use `\spacefactor' in math mode.
\@->\spacefactor 
                 \@m {}
l.80 \normalsize
                
Sorry, but I'm not programmed to handle this case;
I'll just pretend that you didn't ask for it.
If you're in the wrong mode, you might be able to
return to the right one by typing `I}' or `I$' or `I\par'.

./econtex.cls:80: You can't use `\spacefactor' in math mode.
\@->\spacefactor 
                 \@m {}
l.80 \normalsize
                
Sorry, but I'm not programmed to handle this case;
I'll just pretend that you didn't ask for it.
If you're in the wrong mode, you might be able to
return to the right one by typing `I}' or `I$' or `I\par'.

./econtex.cls:80: You can't use `\spacefactor' in math mode.
\@->\spacefactor 
                 \@m {}
l.80 \normalsize
                
Sorry, but I'm not programmed to handle this case;
I'll just pretend that you didn't ask for it.
If you're in the wrong mode, you might be able to
return to the right one by typing `I}' or `I$' or `I\par'.

./econtex.cls:80: You can't use `\spacefactor' in math mode.
\@->\spacefactor 
                 \@m {}
l.80 \normalsize
                
Sorry, but I'm not programmed to handle this case;
I'll just pretend that you didn't ask for it.
If you're in the wrong mode, you might be able to
return to the right one by typing `I}' or `I$' or `I\par'.

./econtex.cls:80: You can't use `\spacefactor' in math mode.
\@->\spacefactor 
                 \@m {}
l.80 \normalsize
                
Sorry, but I'm not programmed to handle this case;
I'll just pretend that you didn't ask for it.
If you're in the wrong mode, you might be able to
return to the right one by typing `I}' or `I$' or `I\par'.

./econtex.cls:80: You can't use `\spacefactor' in math mode.
\@->\spacefactor 
                 \@m {}
l.80 \normalsize
                
Sorry, but I'm not programmed to handle this case;
I'll just pretend that you didn't ask for it.
If you're in the wrong mode, you might be able to
return to the right one by typing `I}' or `I$' or `I\par'.

./econtex.cls:80: You can't use `\spacefactor' in math mode.
\@->\spacefactor 
                 \@m {}
l.80 \normalsize
                
Sorry, but I'm not programmed to handle this case;
I'll just pretend that you didn't ask for it.
If you're in the wrong mode, you might be able to
return to the right one by typing `I}' or `I$' or `I\par'.

./econtex.cls:80: You can't use `\spacefactor' in math mode.
\@->\spacefactor 
                 \@m {}
l.80 \normalsize
                
Sorry, but I'm not programmed to handle this case;
I'll just pretend that you didn't ask for it.
If you're in the wrong mode, you might be able to
return to the right one by typing `I}' or `I$' or `I\par'.

./econtex.cls:80: You can't use `\spacefactor' in math mode.
\@->\spacefactor 
                 \@m {}
l.80 \normalsize
                
Sorry, but I'm not programmed to handle this case;
I'll just pretend that you didn't ask for it.
If you're in the wrong mode, you might be able to
return to the right one by typing `I}' or `I$' or `I\par'.

./econtex.cls:80: You can't use `\spacefactor' in math mode.
\@->\spacefactor 
                 \@m {}
l.80 \normalsize
                
Sorry, but I'm not programmed to handle this case;
I'll just pretend that you didn't ask for it.
If you're in the wrong mode, you might be able to
return to the right one by typing `I}' or `I$' or `I\par'.

./econtex.cls:80: You can't use `\spacefactor' in math mode.
\@->\spacefactor 
                 \@m {}
l.80 \normalsize
                
Sorry, but I'm not programmed to handle this case;
I'll just pretend that you didn't ask for it.
If you're in the wrong mode, you might be able to
return to the right one by typing `I}' or `I$' or `I\par'.

./econtex.cls:80: You can't use `\spacefactor' in math mode.
\@->\spacefactor 
                 \@m {}
l.80 \normalsize
                
Sorry, but I'm not programmed to handle this case;
I'll just pretend that you didn't ask for it.
If you're in the wrong mode, you might be able to
return to the right one by typing `I}' or `I$' or `I\par'.

./econtex.cls:80: You can't use `\spacefactor' in math mode.
\@->\spacefactor 
                 \@m {}
l.80 \normalsize
                
Sorry, but I'm not programmed to handle this case;
I'll just pretend that you didn't ask for it.
If you're in the wrong mode, you might be able to
return to the right one by typing `I}' or `I$' or `I\par'.

./econtex.cls:80: You can't use `\spacefactor' in math mode.
\@->\spacefactor 
                 \@m {}
l.80 \normalsize
                
Sorry, but I'm not programmed to handle this case;
I'll just pretend that you didn't ask for it.
If you're in the wrong mode, you might be able to
return to the right one by typing `I}' or `I$' or `I\par'.

./econtex.cls:80: You can't use `\spacefactor' in math mode.
\@->\spacefactor 
                 \@m {}
l.80 \normalsize
                
Sorry, but I'm not programmed to handle this case;
I'll just pretend that you didn't ask for it.
If you're in the wrong mode, you might be able to
return to the right one by typing `I}' or `I$' or `I\par'.

./econtex.cls:80: You can't use `\spacefactor' in math mode.
\@->\spacefactor 
                 \@m {}
l.80 \normalsize
                
Sorry, but I'm not programmed to handle this case;
I'll just pretend that you didn't ask for it.
If you're in the wrong mode, you might be able to
return to the right one by typing `I}' or `I$' or `I\par'.

./econtex.cls:80: You can't use `\spacefactor' in math mode.
\@->\spacefactor 
                 \@m {}
l.80 \normalsize
                
Sorry, but I'm not programmed to handle this case;
I'll just pretend that you didn't ask for it.
If you're in the wrong mode, you might be able to
return to the right one by typing `I}' or `I$' or `I\par'.

./econtex.cls:80: You can't use `\spacefactor' in math mode.
\@->\spacefactor 
                 \@m {}
l.80 \normalsize
                
Sorry, but I'm not programmed to handle this case;
I'll just pretend that you didn't ask for it.
If you're in the wrong mode, you might be able to
return to the right one by typing `I}' or `I$' or `I\par'.

./econtex.cls:80: You can't use `\spacefactor' in math mode.
\@->\spacefactor 
                 \@m {}
l.80 \normalsize
                
Sorry, but I'm not programmed to handle this case;
I'll just pretend that you didn't ask for it.
If you're in the wrong mode, you might be able to
return to the right one by typing `I}' or `I$' or `I\par'.

./econtex.cls:80: You can't use `\spacefactor' in math mode.
\@->\spacefactor 
                 \@m {}
l.80 \normalsize
                
Sorry, but I'm not programmed to handle this case;
I'll just pretend that you didn't ask for it.
If you're in the wrong mode, you might be able to
return to the right one by typing `I}' or `I$' or `I\par'.

./econtex.cls:80: You can't use `\spacefactor' in math mode.
\@->\spacefactor 
                 \@m {}
l.80 \normalsize
                
Sorry, but I'm not programmed to handle this case;
I'll just pretend that you didn't ask for it.
If you're in the wrong mode, you might be able to
return to the right one by typing `I}' or `I$' or `I\par'.

./econtex.cls:80: You can't use `\spacefactor' in math mode.
\@->\spacefactor 
                 \@m {}
l.80 \normalsize
                
Sorry, but I'm not programmed to handle this case;
I'll just pretend that you didn't ask for it.
If you're in the wrong mode, you might be able to
return to the right one by typing `I}' or `I$' or `I\par'.

./econtex.cls:80: You can't use `\spacefactor' in math mode.
\@->\spacefactor 
                 \@m {}
l.80 \normalsize
                
Sorry, but I'm not programmed to handle this case;
I'll just pretend that you didn't ask for it.
If you're in the wrong mode, you might be able to
return to the right one by typing `I}' or `I$' or `I\par'.

./econtex.cls:80: You can't use `\spacefactor' in math mode.
\@->\spacefactor 
                 \@m {}
l.80 \normalsize
                
Sorry, but I'm not programmed to handle this case;
I'll just pretend that you didn't ask for it.
If you're in the wrong mode, you might be able to
return to the right one by typing `I}' or `I$' or `I\par'.

./econtex.cls:80: You can't use `\spacefactor' in math mode.
\@->\spacefactor 
                 \@m {}
l.80 \normalsize
                
Sorry, but I'm not programmed to handle this case;
I'll just pretend that you didn't ask for it.
If you're in the wrong mode, you might be able to
return to the right one by typing `I}' or `I$' or `I\par'.

./econtex.cls:80: You can't use `\spacefactor' in math mode.
\@->\spacefactor 
                 \@m {}
l.80 \normalsize
                
Sorry, but I'm not programmed to handle this case;
I'll just pretend that you didn't ask for it.
If you're in the wrong mode, you might be able to
return to the right one by typing `I}' or `I$' or `I\par'.

./econtex.cls:80: You can't use `\spacefactor' in math mode.
\@->\spacefactor 
                 \@m {}
l.80 \normalsize
                
Sorry, but I'm not programmed to handle this case;
I'll just pretend that you didn't ask for it.
If you're in the wrong mode, you might be able to
return to the right one by typing `I}' or `I$' or `I\par'.

./econtex.cls:80: You can't use `\spacefactor' in math mode.
\@->\spacefactor 
                 \@m {}
l.80 \normalsize
                
Sorry, but I'm not programmed to handle this case;
I'll just pretend that you didn't ask for it.
If you're in the wrong mode, you might be able to
return to the right one by typing `I}' or `I$' or `I\par'.

./econtex.cls:80: You can't use `\spacefactor' in math mode.
\@->\spacefactor 
                 \@m {}
l.80 \normalsize
                
Sorry, but I'm not programmed to handle this case;
I'll just pretend that you didn't ask for it.
If you're in the wrong mode, you might be able to
return to the right one by typing `I}' or `I$' or `I\par'.

./econtex.cls:80: You can't use `\spacefactor' in math mode.
\@->\spacefactor 
                 \@m {}
l.80 \normalsize
                
Sorry, but I'm not programmed to handle this case;
I'll just pretend that you didn't ask for it.
If you're in the wrong mode, you might be able to
return to the right one by typing `I}' or `I$' or `I\par'.

./econtex.cls:80: You can't use `\spacefactor' in math mode.
\@->\spacefactor 
                 \@m {}
l.80 \normalsize
                
Sorry, but I'm not programmed to handle this case;
I'll just pretend that you didn't ask for it.
If you're in the wrong mode, you might be able to
return to the right one by typing `I}' or `I$' or `I\par'.

./econtex.cls:80: You can't use `\spacefactor' in math mode.
\@->\spacefactor 
                 \@m {}
l.80 \normalsize
                
Sorry, but I'm not programmed to handle this case;
I'll just pretend that you didn't ask for it.
If you're in the wrong mode, you might be able to
return to the right one by typing `I}' or `I$' or `I\par'.

./econtex.cls:80: You can't use `\spacefactor' in math mode.
\@->\spacefactor 
                 \@m {}
l.80 \normalsize
                
Sorry, but I'm not programmed to handle this case;
I'll just pretend that you didn't ask for it.
If you're in the wrong mode, you might be able to
return to the right one by typing `I}' or `I$' or `I\par'.

./econtex.cls:80: You can't use `\spacefactor' in math mode.
\@->\spacefactor 
                 \@m {}
l.80 \normalsize
                
Sorry, but I'm not programmed to handle this case;
I'll just pretend that you didn't ask for it.
If you're in the wrong mode, you might be able to
return to the right one by typing `I}' or `I$' or `I\par'.

./econtex.cls:80: You can't use `\spacefactor' in math mode.
\@->\spacefactor 
                 \@m {}
l.80 \normalsize
                
Sorry, but I'm not programmed to handle this case;
I'll just pretend that you didn't ask for it.
If you're in the wrong mode, you might be able to
return to the right one by typing `I}' or `I$' or `I\par'.

./econtex.cls:80: You can't use `\spacefactor' in math mode.
\@->\spacefactor 
                 \@m {}
l.80 \normalsize
                
Sorry, but I'm not programmed to handle this case;
I'll just pretend that you didn't ask for it.
If you're in the wrong mode, you might be able to
return to the right one by typing `I}' or `I$' or `I\par'.

./econtex.cls:80: You can't use `\spacefactor' in math mode.
\@->\spacefactor 
                 \@m {}
l.80 \normalsize
                
Sorry, but I'm not programmed to handle this case;
I'll just pretend that you didn't ask for it.
If you're in the wrong mode, you might be able to
return to the right one by typing `I}' or `I$' or `I\par'.

./econtex.cls:80: You can't use `\spacefactor' in math mode.
\@->\spacefactor 
                 \@m {}
l.80 \normalsize
                
Sorry, but I'm not programmed to handle this case;
I'll just pretend that you didn't ask for it.
If you're in the wrong mode, you might be able to
return to the right one by typing `I}' or `I$' or `I\par'.

./econtex.cls:80: You can't use `\spacefactor' in math mode.
\@->\spacefactor 
                 \@m {}
l.80 \normalsize
                
Sorry, but I'm not programmed to handle this case;
I'll just pretend that you didn't ask for it.
If you're in the wrong mode, you might be able to
return to the right one by typing `I}' or `I$' or `I\par'.

./econtex.cls:80: You can't use `\spacefactor' in math mode.
\@->\spacefactor 
                 \@m {}
l.80 \normalsize
                
Sorry, but I'm not programmed to handle this case;
I'll just pretend that you didn't ask for it.
If you're in the wrong mode, you might be able to
return to the right one by typing `I}' or `I$' or `I\par'.

./econtex.cls:80: You can't use `\spacefactor' in math mode.
\@->\spacefactor 
                 \@m {}
l.80 \normalsize
                
Sorry, but I'm not programmed to handle this case;
I'll just pretend that you didn't ask for it.
If you're in the wrong mode, you might be able to
return to the right one by typing `I}' or `I$' or `I\par'.

./econtex.cls:80: You can't use `\spacefactor' in math mode.
\@->\spacefactor 
                 \@m {}
l.80 \normalsize
                
Sorry, but I'm not programmed to handle this case;
I'll just pretend that you didn't ask for it.
If you're in the wrong mode, you might be able to
return to the right one by typing `I}' or `I$' or `I\par'.

./econtex.cls:80: You can't use `\spacefactor' in math mode.
\@->\spacefactor 
                 \@m {}
l.80 \normalsize
                
Sorry, but I'm not programmed to handle this case;
I'll just pretend that you didn't ask for it.
If you're in the wrong mode, you might be able to
return to the right one by typing `I}' or `I$' or `I\par'.

./econtex.cls:80: You can't use `\spacefactor' in math mode.
\@->\spacefactor 
                 \@m {}
l.80 \normalsize
                
Sorry, but I'm not programmed to handle this case;
I'll just pretend that you didn't ask for it.
If you're in the wrong mode, you might be able to
return to the right one by typing `I}' or `I$' or `I\par'.

./econtex.cls:80: You can't use `\spacefactor' in math mode.
\@->\spacefactor 
                 \@m {}
l.80 \normalsize
                
Sorry, but I'm not programmed to handle this case;
I'll just pretend that you didn't ask for it.
If you're in the wrong mode, you might be able to
return to the right one by typing `I}' or `I$' or `I\par'.

./econtex.cls:80: You can't use `\spacefactor' in math mode.
\@->\spacefactor 
                 \@m {}
l.80 \normalsize
                
Sorry, but I'm not programmed to handle this case;
I'll just pretend that you didn't ask for it.
If you're in the wrong mode, you might be able to
return to the right one by typing `I}' or `I$' or `I\par'.

./econtex.cls:80: You can't use `\spacefactor' in math mode.
\@->\spacefactor 
                 \@m {}
l.80 \normalsize
                
Sorry, but I'm not programmed to handle this case;
I'll just pretend that you didn't ask for it.
If you're in the wrong mode, you might be able to
return to the right one by typing `I}' or `I$' or `I\par'.

./econtex.cls:80: You can't use `\spacefactor' in math mode.
\@->\spacefactor 
                 \@m {}
l.80 \normalsize
                
(That makes 100 errors; please try again.) 
Here is how much of TeX's memory you used:
 3198 strings out of 492616
 56273 string characters out of 6128998
 238754 words of memory out of 5000000
 7131 multiletter control sequences out of 15000+600000
 7140 words of font info for 24 fonts, out of 8000000 for 9000
 1141 hyphenation exceptions out of 8191
 99i,6n,51p,9093b,146s stack positions out of 5000i,500n,10000p,200000b,80000s

./econtex.cls:80:  ==> Fatal error occurred, no output PDF file produced!
