This is pdfTeX, Version 3.14159265-2.6-1.40.21 (TeX Live 2020) (preloaded format=pdflatex 2020.4.7)  7 FEB 2022 10:33
entering extended mode
 \write18 enabled.
 %&-line parsing enabled.
**Book.tex
(.//Book.tex
LaTeX2e <2020-02-02> patch level 5
L3 programming layer <2020-03-06> (./econtexRoot.tex (./Resources/econtexPaths.tex)) (.//elsbook-P04.cls

LaTeX Warning: You have requested document class `elsbook-P04',
               but the document class provides `elsbook'.

Document Class: elsbook 03/02/2017 v0.2
(/usr/local/texlive/2020/texmf-dist/tex/latex/base/article.cls
Document Class: article 2019/12/20 v1.4l Standard LaTeX document class
(/usr/local/texlive/2020/texmf-dist/tex/latex/base/size10.clo
File: size10.clo 2019/12/20 v1.4l Standard LaTeX file (size option)
)
\c@part=\count167
\c@section=\count168
\c@subsection=\count169
\c@subsubsection=\count170
\c@paragraph=\count171
\c@subparagraph=\count172
\c@figure=\count173
\c@table=\count174
\abovecaptionskip=\skip47
\belowcaptionskip=\skip48
\bibindent=\dimen134
)
\c@chapter=\count175
\aucount=\count176
 (/usr/local/texlive/2020/texmf-dist/tex/latex/graphics/color.sty
Package: color 2019/11/23 v1.2a Standard LaTeX Color (DPC)
 (/usr/local/texlive/2020/texmf-dist/tex/latex/graphics-cfg/color.cfg
File: color.cfg 2016/01/02 v1.6 sample color configuration
)
Package color Info: Driver file: pdftex.def on input line 147.
 (/usr/local/texlive/2020/texmf-dist/tex/latex/graphics-def/pdftex.def
File: pdftex.def 2018/01/08 v1.0l Graphics/color driver for pdftex
))
\@adjstline=\dimen135
\aucount=\count177
\punctcount=\count178
\c@aulink=\count179
\c@affn=\count180
\addcount=\count181
\c@afflink=\count182
 (/usr/local/texlive/2020/texmf-dist/tex/latex/tools/multicol.sty
Package: multicol 2019/12/09 v1.8y multicolumn formatting (FMi)
\c@tracingmulticols=\count183
\mult@box=\box45
\multicol@leftmargin=\dimen136
\c@unbalance=\count184
\c@collectmore=\count185
\doublecol@number=\count186
\multicoltolerance=\count187
\multicolpretolerance=\count188
\full@width=\dimen137
\page@free=\dimen138
\premulticols=\dimen139
\postmulticols=\dimen140
\multicolsep=\skip49
\multicolbaselineskip=\skip50
\partial@page=\box46
\last@line=\box47
\maxbalancingoverflow=\dimen141
\mult@rightbox=\box48
\mult@grightbox=\box49
\mult@gfirstbox=\box50
\mult@firstbox=\box51
\@tempa=\box52
\@tempa=\box53
\@tempa=\box54
\@tempa=\box55
\@tempa=\box56
\@tempa=\box57
\@tempa=\box58
\@tempa=\box59
\@tempa=\box60
\@tempa=\box61
\@tempa=\box62
\@tempa=\box63
\@tempa=\box64
\@tempa=\box65
\@tempa=\box66
\@tempa=\box67
\@tempa=\box68
\@tempa=\box69
\@tempa=\box70
\@tempa=\box71
\@tempa=\box72
\@tempa=\box73
\@tempa=\box74
\@tempa=\box75
\@tempa=\box76
\@tempa=\box77
\@tempa=\box78
\@tempa=\box79
\@tempa=\box80
\@tempa=\box81
\@tempa=\box82
\@tempa=\box83
\@tempa=\box84
\@tempa=\box85
\@tempa=\box86
\@tempa=\box87
\@tempa=\box88
\c@minrows=\count189
\c@columnbadness=\count190
\c@finalcolumnbadness=\count191
\last@try=\dimen142
\multicolovershoot=\dimen143
\multicolundershoot=\dimen144
\mult@nat@firstbox=\box89
\colbreak@box=\box90
\mc@col@check@num=\count192
) (/usr/local/texlive/2020/texmf-dist/tex/latex/minitoc/minitoc.sty
Package: minitoc 2018/07/12 v62 Package minitoc
 (/usr/local/texlive/2020/texmf-dist/tex/latex/minitoc/mtcmess.sty
Package: mtcmess 2006/03/14
)
Package minitoc Info: I0001
(minitoc)             *** minitoc package, version 62 ***.
\tf@mtc=\write3
\mtcindent=\skip51
\mtcskipamount=\skip52
Package minitoc Info: I0005
(minitoc)             compatible with hyperref.
Package minitoc Info: I0023
(minitoc)             part level macros available.
Package minitoc Info: I0003
(minitoc)             chapter level macros available.
\mtc@toks=\toks15
\mtc@strutbox=\box91
\mtc@hstrutbox=\box92
Package minitoc Info: I0002
(minitoc)             Autoconfiguration of extensions.
\openout3 = `Book.mtc0'.

\openout3 = `Book.mtc'.

 (.//Book.mtc0)
Package minitoc Info: I0012
(minitoc)             Long extensions (Unix-like) will be used.
Package minitoc Info: I0031
(minitoc)             ==> this version is configured for UNIX-like 
(minitoc)                 (long extensions) file names.
\openout3 = `Book.mtc'.

\openout3 = `Book.mtc0'.

\c@mtc=\count193
\c@minitocdepth=\count194
\c@ptc=\count195
\c@parttocdepth=\count196
\ptcindent=\skip53
Package minitoc Info: I0010
(minitoc)             The english language is selected.
(minitoc)              on input line 4910.
 (/usr/local/texlive/2020/texmf-dist/tex/latex/minitoc/english.mld
File: english.mld 2006/01/13
) (/usr/local/texlive/2020/texmf-dist/tex/latex/minitoc/english.mld
File: english.mld 2006/01/13
))
Package minitoc Info: I0017
(minitoc)             \mtcsettitle redefines the macro 
(minitoc)             "mtctitle" as 
(minitoc)             "\Chapterminicontentsname \vskip 0pt" on input line 539.
Package minitoc Info: I0008
(minitoc)             Horizontal rules are inhibited 
(minitoc)             for the minitocs on input line 540.
Package minitoc Info: I0018
(minitoc)             \mtcsettitlefont redefines the macro 
(minitoc)             "mtifont" as 
(minitoc)             "\fontfamily {\sfdefault }\fontsize {9}{11}\selectfont \bfseries " on input line 617.
\mtcsecnumskip=\dimen145
\mtcsbsecnumskip=\dimen146
\mtcsbsbsecnumskip=\dimen147
\mtcseclabelwidth=\dimen148
\mtcsbseclabelwidth=\dimen149
\mtcsbsbseclabelwidth=\dimen150
 (/usr/local/texlive/2020/texmf-dist/tex/latex/threeparttable/threeparttable.sty
Package: threeparttable 2003/06/13  v 3.0
\@tempboxb=\box93
) (/usr/local/texlive/2020/texmf-dist/tex/latex/float/float.sty
Package: float 2001/11/08 v1.3d Float enhancements (AL)
\c@float@type=\count197
\float@exts=\toks16
\float@box=\box94
\@float@everytoks=\toks17
\@floatcapt=\box95
) (/usr/local/texlive/2020/texmf-dist/tex/latex/booktabs/booktabs.sty
Package: booktabs 2020/01/12 v1.61803398 Publication quality tables
\heavyrulewidth=\dimen151
\lightrulewidth=\dimen152
\cmidrulewidth=\dimen153
\belowrulesep=\dimen154
\belowbottomsep=\dimen155
\aboverulesep=\dimen156
\abovetopsep=\dimen157
\cmidrulesep=\dimen158
\cmidrulekern=\dimen159
\defaultaddspace=\dimen160
\@cmidla=\count198
\@cmidlb=\count199
\@aboverulesep=\dimen161
\@belowrulesep=\dimen162
\@thisruleclass=\count266
\@lastruleclass=\count267
\@thisrulewidth=\dimen163
) (/usr/local/texlive/2020/texmf-dist/tex/latex/url/url.sty
\Urlmuskip=\muskip16
Package: url 2013/09/16  ver 3.4  Verb mode for urls, etc.
) (/usr/local/texlive/2020/texmf-dist/tex/latex/framed/framed.sty
Package: framed 2011/10/22 v 0.96: framed or shaded text with page breaks
\OuterFrameSep=\skip54
\fb@frw=\dimen164
\fb@frh=\dimen165
\FrameRule=\dimen166
\FrameSep=\dimen167
)
\c@box=\count268
\c@textbox=\count269

(/usr/local/texlive/2020/texmf-dist/tex/latex/appendix/appendix.sty
Package: appendix 2020/02/08 v1.2c extra appendix facilities
\c@@pps=\count270
\c@@ppsavesec=\count271
\c@@ppsaveapp=\count272
) (/usr/local/texlive/2020/texmf-dist/tex/latex/natbib/natbib.sty
Package: natbib 2010/09/13 8.31b (PWD, AO)
\bibhang=\skip55
\bibsep=\skip56
LaTeX Info: Redefining \cite on input line 694.
\c@NAT@ctr=\count273
)
\tocfmsep=\dimen168
\tocbmsep=\dimen169
\tocchapnumskip=\dimen170
\tocsecnumskip=\dimen171
\tocsbsecnumskip=\dimen172
\tocsbsbsecnumskip=\dimen173
\tocseclabelwidth=\dimen174
\tocsbseclabelwidth=\dimen175
\tocsbsbseclabelwidth=\dimen176
 (.//booksetup.sty (/usr/local/texlive/2020/texmf-dist/tex/latex/amscls/amsthm.sty
Package: amsthm 2017/10/31 v2.20.4
\thm@style=\toks18
\thm@bodyfont=\toks19
\thm@headfont=\toks20
\thm@notefont=\toks21
\thm@headpunct=\toks22
\thm@preskip=\skip57
\thm@postskip=\skip58
\thm@headsep=\skip59
\dth@everypar=\toks23
)
\c@theorem=\count274
\c@lemma=\count275
\c@proposition=\count276
\c@application=\count277
\c@corollary=\count278
\c@definition=\count279
\c@example=\count280
\c@remark=\count281
)
\c@proof=\count282
 (/usr/local/texlive/2020/texmf-dist/tex/latex/crop/crop.sty
Package: crop 2003/05/20 v1.9 crop marks (mf)
\stockwidth=\dimen177
\stockheight=\dimen178
\CROP@index=\count283
 (/usr/local/texlive/2020/texmf-dist/tex/latex/graphics/graphics.sty
Package: graphics 2019/11/30 v1.4a Standard LaTeX Graphics (DPC,SPQR)
 (/usr/local/texlive/2020/texmf-dist/tex/latex/graphics/trig.sty
Package: trig 2016/01/03 v1.10 sin cos tan (DPC)
) (/usr/local/texlive/2020/texmf-dist/tex/latex/graphics-cfg/graphics.cfg
File: graphics.cfg 2016/06/04 v1.11 sample graphics configuration
)
Package graphics Info: Driver file: pdftex.def on input line 105.
)
\CROP@offset=\count284
Package crop Info: Local config file crop.cfg used on input line 605.
 (/usr/local/texlive/2020/texmf-dist/tex/xelatex/xetexconfig/crop.cfg))) (/usr/local/texlive/2020/texmf-dist/tex/latex/base/ifthen.sty
Package: ifthen 2014/09/29 v1.1c Standard LaTeX ifthen package (DPC)
) (/usr/local/texlive/2020/texmf-dist/tex/latex/amsmath/amsmath.sty
Package: amsmath 2020/01/20 v2.17e AMS math features
\@mathmargin=\skip60

For additional information on amsmath, use the `?' option.
(/usr/local/texlive/2020/texmf-dist/tex/latex/amsmath/amstext.sty
Package: amstext 2000/06/29 v2.01 AMS text
 (/usr/local/texlive/2020/texmf-dist/tex/latex/amsmath/amsgen.sty
File: amsgen.sty 1999/11/30 v2.0 generic functions
\@emptytoks=\toks24
\ex@=\dimen179
)) (/usr/local/texlive/2020/texmf-dist/tex/latex/amsmath/amsbsy.sty
Package: amsbsy 1999/11/29 v1.2d Bold Symbols
\pmbraise@=\dimen180
) (/usr/local/texlive/2020/texmf-dist/tex/latex/amsmath/amsopn.sty
Package: amsopn 2016/03/08 v2.02 operator names
)
\inf@bad=\count285
LaTeX Info: Redefining \frac on input line 227.
\uproot@=\count286
\leftroot@=\count287
LaTeX Info: Redefining \overline on input line 389.
\classnum@=\count288
\DOTSCASE@=\count289
LaTeX Info: Redefining \ldots on input line 486.
LaTeX Info: Redefining \dots on input line 489.
LaTeX Info: Redefining \cdots on input line 610.
\Mathstrutbox@=\box96
\strutbox@=\box97
\big@size=\dimen181
LaTeX Font Info:    Redeclaring font encoding OML on input line 733.
LaTeX Font Info:    Redeclaring font encoding OMS on input line 734.
\macc@depth=\count290
\c@MaxMatrixCols=\count291
\dotsspace@=\muskip17
\c@parentequation=\count292
\dspbrk@lvl=\count293
\tag@help=\toks25
\row@=\count294
\column@=\count295
\maxfields@=\count296
\andhelp@=\toks26
\eqnshift@=\dimen182
\alignsep@=\dimen183
\tagshift@=\dimen184
\tagwidth@=\dimen185
\totwidth@=\dimen186
\lineht@=\dimen187
\@envbody=\toks27
\multlinegap=\skip61
\multlinetaggap=\skip62
\mathdisplay@stack=\toks28
LaTeX Info: Redefining \[ on input line 2859.
LaTeX Info: Redefining \] on input line 2860.
) (/usr/local/texlive/2020/texmf-dist/tex/latex/amsfonts/amssymb.sty
Package: amssymb 2013/01/14 v3.01 AMS font symbols
 (/usr/local/texlive/2020/texmf-dist/tex/latex/amsfonts/amsfonts.sty
Package: amsfonts 2013/01/14 v3.01 Basic AMSFonts support
\symAMSa=\mathgroup4
\symAMSb=\mathgroup5
LaTeX Font Info:    Redeclaring math symbol \hbar on input line 98.
LaTeX Font Info:    Overwriting math alphabet `\mathfrak' in version `bold'
(Font)                  U/euf/m/n --> U/euf/b/n on input line 106.
)) (/usr/local/texlive/2020/texmf-dist/tex/latex/base/makeidx.sty
Package: makeidx 2014/09/29 v1.0m Standard LaTeX package
) (/usr/local/texlive/2020/texmf-dist/tex/latex/graphics/graphicx.sty
Package: graphicx 2019/11/30 v1.2a Enhanced LaTeX Graphics (DPC,SPQR)
 (/usr/local/texlive/2020/texmf-dist/tex/latex/graphics/keyval.sty
Package: keyval 2014/10/28 v1.15 key=value parser (DPC)
\KV@toks@=\toks29
)
\Gin@req@height=\dimen188
\Gin@req@width=\dimen189
) (/usr/local/texlive/2020/texmf-dist/tex/latex/colortbl/colortbl.sty
Package: colortbl 2020/01/04 v1.0e Color table columns (DPC)
 (/usr/local/texlive/2020/texmf-dist/tex/latex/tools/array.sty
Package: array 2019/08/31 v2.4l Tabular extension package (FMi)
\col@sep=\dimen190
\ar@mcellbox=\box98
\extrarowheight=\dimen191
\NC@list=\toks30
\extratabsurround=\skip63
\backup@length=\skip64
\ar@cellbox=\box99
)
\everycr=\toks31
\minrowclearance=\skip65
) (/usr/local/texlive/2020/texmf-dist/tex/latex/txfonts/txfonts.sty
Package: txfonts 2008/01/22 v3.2.1
LaTeX Font Info:    Redeclaring symbol font `operators' on input line 21.
LaTeX Font Info:    Overwriting symbol font `operators' in version `normal'
(Font)                  OT1/cmr/m/n --> OT1/txr/m/n on input line 21.
LaTeX Font Info:    Overwriting symbol font `operators' in version `bold'
(Font)                  OT1/cmr/bx/n --> OT1/txr/m/n on input line 21.
LaTeX Font Info:    Overwriting symbol font `operators' in version `bold'
(Font)                  OT1/txr/m/n --> OT1/txr/bx/n on input line 22.
\symitalic=\mathgroup6
LaTeX Font Info:    Overwriting symbol font `italic' in version `bold'
(Font)                  OT1/txr/m/it --> OT1/txr/bx/it on input line 26.
LaTeX Font Info:    Redeclaring math alphabet \mathbf on input line 29.
LaTeX Font Info:    Overwriting math alphabet `\mathbf' in version `normal'
(Font)                  OT1/cmr/bx/n --> OT1/txr/bx/n on input line 29.
LaTeX Font Info:    Overwriting math alphabet `\mathbf' in version `bold'
(Font)                  OT1/cmr/bx/n --> OT1/txr/bx/n on input line 29.
LaTeX Font Info:    Redeclaring math alphabet \mathit on input line 30.
LaTeX Font Info:    Overwriting math alphabet `\mathit' in version `normal'
(Font)                  OT1/cmr/m/it --> OT1/txr/m/it on input line 30.
LaTeX Font Info:    Overwriting math alphabet `\mathit' in version `bold'
(Font)                  OT1/cmr/bx/it --> OT1/txr/m/it on input line 30.
LaTeX Font Info:    Overwriting math alphabet `\mathit' in version `bold'
(Font)                  OT1/txr/m/it --> OT1/txr/bx/it on input line 31.
LaTeX Font Info:    Redeclaring math alphabet \mathsf on input line 40.
LaTeX Font Info:    Overwriting math alphabet `\mathsf' in version `normal'
(Font)                  OT1/cmss/m/n --> OT1/txss/m/n on input line 40.
LaTeX Font Info:    Overwriting math alphabet `\mathsf' in version `bold'
(Font)                  OT1/cmss/bx/n --> OT1/txss/m/n on input line 40.
LaTeX Font Info:    Overwriting math alphabet `\mathsf' in version `bold'
(Font)                  OT1/txss/m/n --> OT1/txss/b/n on input line 41.
LaTeX Font Info:    Redeclaring math alphabet \mathtt on input line 50.
LaTeX Font Info:    Overwriting math alphabet `\mathtt' in version `normal'
(Font)                  OT1/cmtt/m/n --> OT1/txtt/m/n on input line 50.
LaTeX Font Info:    Overwriting math alphabet `\mathtt' in version `bold'
(Font)                  OT1/cmtt/m/n --> OT1/txtt/m/n on input line 50.
LaTeX Font Info:    Overwriting math alphabet `\mathtt' in version `bold'
(Font)                  OT1/txtt/m/n --> OT1/txtt/b/n on input line 51.
LaTeX Font Info:    Redeclaring symbol font `letters' on input line 58.
LaTeX Font Info:    Overwriting symbol font `letters' in version `normal'
(Font)                  OML/cmm/m/it --> OML/txmi/m/it on input line 58.
LaTeX Font Info:    Overwriting symbol font `letters' in version `bold'
(Font)                  OML/cmm/b/it --> OML/txmi/m/it on input line 58.
LaTeX Font Info:    Overwriting symbol font `letters' in version `bold'
(Font)                  OML/txmi/m/it --> OML/txmi/bx/it on input line 59.
\symlettersA=\mathgroup7
LaTeX Font Info:    Overwriting symbol font `lettersA' in version `bold'
(Font)                  U/txmia/m/it --> U/txmia/bx/it on input line 67.
LaTeX Font Info:    Redeclaring math alphabet \mathfrak on input line 70.
LaTeX Font Info:    Redeclaring symbol font `symbols' on input line 77.
LaTeX Font Info:    Overwriting symbol font `symbols' in version `normal'
(Font)                  OMS/cmsy/m/n --> OMS/txsy/m/n on input line 77.
LaTeX Font Info:    Overwriting symbol font `symbols' in version `bold'
(Font)                  OMS/cmsy/b/n --> OMS/txsy/m/n on input line 77.
LaTeX Font Info:    Overwriting symbol font `symbols' in version `bold'
(Font)                  OMS/txsy/m/n --> OMS/txsy/bx/n on input line 78.
LaTeX Font Info:    Redeclaring symbol font `AMSa' on input line 93.
LaTeX Font Info:    Overwriting symbol font `AMSa' in version `normal'
(Font)                  U/msa/m/n --> U/txsya/m/n on input line 93.
LaTeX Font Info:    Overwriting symbol font `AMSa' in version `bold'
(Font)                  U/msa/m/n --> U/txsya/m/n on input line 93.
LaTeX Font Info:    Overwriting symbol font `AMSa' in version `bold'
(Font)                  U/txsya/m/n --> U/txsya/bx/n on input line 94.
LaTeX Font Info:    Redeclaring symbol font `AMSb' on input line 102.
LaTeX Font Info:    Overwriting symbol font `AMSb' in version `normal'
(Font)                  U/msb/m/n --> U/txsyb/m/n on input line 102.
LaTeX Font Info:    Overwriting symbol font `AMSb' in version `bold'
(Font)                  U/msb/m/n --> U/txsyb/m/n on input line 102.
LaTeX Font Info:    Overwriting symbol font `AMSb' in version `bold'
(Font)                  U/txsyb/m/n --> U/txsyb/bx/n on input line 103.
\symsymbolsC=\mathgroup8
LaTeX Font Info:    Overwriting symbol font `symbolsC' in version `bold'
(Font)                  U/txsyc/m/n --> U/txsyc/bx/n on input line 113.
LaTeX Font Info:    Redeclaring symbol font `largesymbols' on input line 120.
LaTeX Font Info:    Overwriting symbol font `largesymbols' in version `normal'
(Font)                  OMX/cmex/m/n --> OMX/txex/m/n on input line 120.
LaTeX Font Info:    Overwriting symbol font `largesymbols' in version `bold'
(Font)                  OMX/cmex/m/n --> OMX/txex/m/n on input line 120.
LaTeX Font Info:    Overwriting symbol font `largesymbols' in version `bold'
(Font)                  OMX/txex/m/n --> OMX/txex/bx/n on input line 121.
\symlargesymbolsA=\mathgroup9
LaTeX Font Info:    Overwriting symbol font `largesymbolsA' in version `bold'
(Font)                  U/txexa/m/n --> U/txexa/bx/n on input line 129.
LaTeX Font Info:    Redeclaring math symbol \mathsterling on input line 164.
LaTeX Info: Redefining \not on input line 1043.
LaTeX Info: Redefining \textsquare on input line 1063.
LaTeX Info: Redefining \openbox on input line 1064.
) (/usr/local/texlive/2020/texmf-dist/tex/latex/psnfss/helvet.sty
Package: helvet 2005/04/12 PSNFSS-v9.2a (WaS) 
) (/usr/local/texlive/2020/texmf-dist/tex/latex/hyperref/hyperref.sty
Package: hyperref 2020/01/14 v7.00d Hypertext links for LaTeX

(/usr/local/texlive/2020/texmf-dist/tex/generic/ltxcmds/ltxcmds.sty
Package: ltxcmds 2019/12/15 v1.24 LaTeX kernel commands for general use (HO)
) (/usr/local/texlive/2020/texmf-dist/tex/generic/iftex/iftex.sty
Package: iftex 2020/03/06 v1.0d TeX engine tests
) (/usr/local/texlive/2020/texmf-dist/tex/latex/pdftexcmds/pdftexcmds.sty
Package: pdftexcmds 2019/11/24 v0.31 Utility functions of pdfTeX for LuaTeX (HO)
 (/usr/local/texlive/2020/texmf-dist/tex/generic/infwarerr/infwarerr.sty
Package: infwarerr 2019/12/03 v1.5 Providing info/warning/error messages (HO)
)
Package pdftexcmds Info: \pdf@primitive is available.
Package pdftexcmds Info: \pdf@ifprimitive is available.
Package pdftexcmds Info: \pdfdraftmode found.
) (/usr/local/texlive/2020/texmf-dist/tex/generic/kvsetkeys/kvsetkeys.sty
Package: kvsetkeys 2019/12/15 v1.18 Key value parser (HO)
) (/usr/local/texlive/2020/texmf-dist/tex/generic/kvdefinekeys/kvdefinekeys.sty
Package: kvdefinekeys 2019-12-19 v1.6 Define keys (HO)
) (/usr/local/texlive/2020/texmf-dist/tex/generic/pdfescape/pdfescape.sty
Package: pdfescape 2019/12/09 v1.15 Implements pdfTeX's escape features (HO)
) (/usr/local/texlive/2020/texmf-dist/tex/latex/hycolor/hycolor.sty
Package: hycolor 2020-01-27 v1.10 Color options for hyperref/bookmark (HO)
) (/usr/local/texlive/2020/texmf-dist/tex/latex/letltxmacro/letltxmacro.sty
Package: letltxmacro 2019/12/03 v1.6 Let assignment for LaTeX macros (HO)
) (/usr/local/texlive/2020/texmf-dist/tex/latex/auxhook/auxhook.sty
Package: auxhook 2019-12-17 v1.6 Hooks for auxiliary files (HO)
) (/usr/local/texlive/2020/texmf-dist/tex/latex/kvoptions/kvoptions.sty
Package: kvoptions 2019/11/29 v3.13 Key value format for package options (HO)
)
\@linkdim=\dimen192
\Hy@linkcounter=\count297
\Hy@pagecounter=\count298
 (/usr/local/texlive/2020/texmf-dist/tex/latex/hyperref/pd1enc.def
File: pd1enc.def 2020/01/14 v7.00d Hyperref: PDFDocEncoding definition (HO)
Now handling font encoding PD1 ...
... no UTF-8 mapping file for font encoding PD1
) (/usr/local/texlive/2020/texmf-dist/tex/generic/intcalc/intcalc.sty
Package: intcalc 2019/12/15 v1.3 Expandable calculations with integers (HO)
) (/usr/local/texlive/2020/texmf-dist/tex/generic/etexcmds/etexcmds.sty
Package: etexcmds 2019/12/15 v1.7 Avoid name clashes with e-TeX commands (HO)
)
\Hy@SavedSpaceFactor=\count299
Package hyperref Info: Hyper figures OFF on input line 4547.
Package hyperref Info: Link nesting OFF on input line 4552.
Package hyperref Info: Hyper index ON on input line 4555.
Package hyperref Info: Plain pages OFF on input line 4562.
Package hyperref Info: Backreferencing OFF on input line 4567.
Package hyperref Info: Implicit mode ON; LaTeX internals redefined.
Package hyperref Info: Bookmarks ON on input line 4800.
\c@Hy@tempcnt=\count300
LaTeX Info: Redefining \url on input line 5159.
\XeTeXLinkMargin=\dimen193

(/usr/local/texlive/2020/texmf-dist/tex/generic/bitset/bitset.sty
Package: bitset 2019/12/09 v1.3 Handle bit-vector datatype (HO)
 (/usr/local/texlive/2020/texmf-dist/tex/generic/bigintcalc/bigintcalc.sty
Package: bigintcalc 2019/12/15 v1.5 Expandable calculations on big integers (HO)
))
\Fld@menulength=\count301
\Field@Width=\dimen194
\Fld@charsize=\dimen195
Package hyperref Info: Hyper figures OFF on input line 6430.
Package hyperref Info: Link nesting OFF on input line 6435.
Package hyperref Info: Hyper index ON on input line 6438.
Package hyperref Info: backreferencing OFF on input line 6445.
Package hyperref Info: Link coloring OFF on input line 6450.
Package hyperref Info: Link coloring with OCG OFF on input line 6455.
Package hyperref Info: PDF/A mode OFF on input line 6460.
LaTeX Info: Redefining \ref on input line 6500.
LaTeX Info: Redefining \pageref on input line 6504.
 (/usr/local/texlive/2020/texmf-dist/tex/generic/atbegshi/atbegshi.sty
Package: atbegshi 2019/12/05 v1.19 At begin shipout hook (HO)
Package atbegshi Info: Package `crop' patched.
)
\Hy@abspage=\count302
\c@Item=\count303
\c@Hfootnote=\count304
)
Package hyperref Info: Driver (autodetected): hpdftex.
 (/usr/local/texlive/2020/texmf-dist/tex/latex/hyperref/hpdftex.def
File: hpdftex.def 2020/01/14 v7.00d Hyperref driver for pdfTeX
 (/usr/local/texlive/2020/texmf-dist/tex/latex/atveryend/atveryend.sty
Package: atveryend 2019-12-11 v1.11 Hooks at the very end of document (HO)
Package atveryend Info: \enddocument detected (standard20110627).
)
\Fld@listcount=\count305
\c@bookmark@seq@number=\count306
 (/usr/local/texlive/2020/texmf-dist/tex/latex/rerunfilecheck/rerunfilecheck.sty
Package: rerunfilecheck 2019/12/05 v1.9 Rerun checks for auxiliary files (HO)
 (/usr/local/texlive/2020/texmf-dist/tex/generic/uniquecounter/uniquecounter.sty
Package: uniquecounter 2019/12/15 v1.4 Provide unlimited unique counter (HO)
)
Package uniquecounter Info: New unique counter `rerunfilecheck' on input line 286.
)
\Hy@SectionHShift=\skip66
)
Package hyperref Info: Option `colorlinks' set `true' on input line 36.
 (/usr/local/texlive/2020/texmf-dist/tex/latex/comment/comment.sty
\CommentStream=\write4
 Excluding comment 'comment') (/usr/local/texlive/2020/texmf-dist/tex/latex/moreverb/moreverb.sty
Package: moreverb 2008/06/03 v2.3a `more' verbatim facilities
 (/usr/local/texlive/2020/texmf-dist/tex/latex/tools/verbatim.sty
Package: verbatim 2019/11/10 v1.5r LaTeX2e package for verbatim enhancements
\every@verbatim=\toks32
\verbatim@line=\toks33
\verbatim@in@stream=\read2
)
\tab@position=\count307
\tab@size=\count308
\listing@line=\count309
) (/usr/local/texlive/2020/texmf-dist/tex/latex/subfig/subfig.sty
Package: subfig 2005/06/28 ver: 1.3 subfig package
 (/usr/local/texlive/2020/texmf-dist/tex/latex/caption/caption3.sty
Package: caption3 2020/01/03 v1.8h caption3 kernel (AR)
Package caption3 Info: TeX engine: e-TeX on input line 61.
\captionmargin=\dimen196
\captionmargin@=\dimen197
\captionwidth=\dimen198
\caption@tempdima=\dimen199
\caption@indent=\dimen256
\caption@parindent=\dimen257
\caption@hangindent=\dimen258
Package caption Info: Unknown document class (or package),
(caption)             standard defaults will be used.
Package caption Info: \@makecaption = \long macro:#1#2->\gdef \title ##1{\gdef \@title {\captionfont \textbf {{##1}}}}\def \source ##1{\textit {Source: ##1}}\vskip \abovecaptionskip \sbox \@tempboxa {\captionfont #1\hskip 1em#2}\ifdim \wd \@tempboxa >\hsize {\captionnumfont \MakeUppercase {#1}}\quad \@title \par \vskip -6pt\rule {\textwidth }{0.35pt}\par \nointerlineskip \vskip 4pt{\captionfont #2\par } \else \global \@minipagefalse \hb@xt@ \hsize {\box \@tempboxa \hfill }\fi \vskip \belowcaptionskip  on input line 1082.
)
\c@KVtest=\count310
\sf@farskip=\skip67
\sf@captopadj=\dimen259
\sf@capskip=\skip68
\sf@nearskip=\skip69
\c@subfigure=\count311
\c@subfigure@save=\count312
\c@lofdepth=\count313
\c@subtable=\count314
\c@subtable@save=\count315
\c@lotdepth=\count316
\sf@top=\skip70
\sf@bottom=\skip71
)
\@indexfile=\write5
\openout5 = `Book.idx'.


Writing index file Book.idx
(/usr/local/texlive/2020/texmf-dist/tex/latex/l3backend/l3backend-pdfmode.def
File: l3backend-pdfmode.def 2020-03-12 L3 backend support: PDF mode
\l__kernel_color_stack_int=\count317
\l__pdf_internal_box=\box100
) (.//Book.aux (.//epi_chapter.aux))
\openout1 = `Book.aux'.

LaTeX Font Info:    Checking defaults for OML/txmi/m/it on input line 40.
LaTeX Font Info:    Trying to load font information for OML+txmi on input line 40.
 (/usr/local/texlive/2020/texmf-dist/tex/latex/txfonts/omltxmi.fd
File: omltxmi.fd 2000/12/15 v3.1
)
LaTeX Font Info:    ... okay on input line 40.
LaTeX Font Info:    Checking defaults for OMS/txsy/m/n on input line 40.
LaTeX Font Info:    Trying to load font information for OMS+txsy on input line 40.
 (/usr/local/texlive/2020/texmf-dist/tex/latex/txfonts/omstxsy.fd
File: omstxsy.fd 2000/12/15 v3.1
)
LaTeX Font Info:    ... okay on input line 40.
LaTeX Font Info:    Checking defaults for OT1/cmr/m/n on input line 40.
LaTeX Font Info:    ... okay on input line 40.
LaTeX Font Info:    Checking defaults for T1/cmr/m/n on input line 40.
LaTeX Font Info:    ... okay on input line 40.
LaTeX Font Info:    Checking defaults for TS1/cmr/m/n on input line 40.
LaTeX Font Info:    ... okay on input line 40.
LaTeX Font Info:    Checking defaults for OMX/txex/m/n on input line 40.
LaTeX Font Info:    Trying to load font information for OMX+txex on input line 40.
 (/usr/local/texlive/2020/texmf-dist/tex/latex/txfonts/omxtxex.fd
File: omxtxex.fd 2000/12/15 v3.1
)
LaTeX Font Info:    ... okay on input line 40.
LaTeX Font Info:    Checking defaults for U/txexa/m/n on input line 40.
LaTeX Font Info:    Trying to load font information for U+txexa on input line 40.
 (/usr/local/texlive/2020/texmf-dist/tex/latex/txfonts/utxexa.fd
File: utxexa.fd 2000/12/15 v3.1
)
LaTeX Font Info:    ... okay on input line 40.
LaTeX Font Info:    Checking defaults for PD1/pdf/m/n on input line 40.
LaTeX Font Info:    ... okay on input line 40.
LaTeX Font Info:    Trying to load font information for OT1+txr on input line 40.
 (/usr/local/texlive/2020/texmf-dist/tex/latex/txfonts/ot1txr.fd
File: ot1txr.fd 2000/12/15 v3.1
) (/usr/local/texlive/2020/texmf-dist/tex/context/base/mkii/supp-pdf.mkii
[Loading MPS to PDF converter (version 2006.09.02).]
\scratchcounter=\count318
\scratchdimen=\dimen260
\scratchbox=\box101
\nofMPsegments=\count319
\nofMParguments=\count320
\everyMPshowfont=\toks34
\MPscratchCnt=\count321
\MPscratchDim=\dimen261
\MPnumerator=\count322
\makeMPintoPDFobject=\count323
\everyMPtoPDFconversion=\toks35
) (/usr/local/texlive/2020/texmf-dist/tex/latex/epstopdf-pkg/epstopdf-base.sty
Package: epstopdf-base 2020-01-24 v2.11 Base part for package epstopdf
Package epstopdf-base Info: Redefining graphics rule for `.eps' on input line 485.
 (/usr/local/texlive/2020/texmf-dist/tex/latex/latexconfig/epstopdf-sys.cfg
File: epstopdf-sys.cfg 2010/07/13 v1.3 Configuration of (r)epstopdf for TeX Live
))
\c@minilofdepth=\count324
\c@minilotdepth=\count325
\c@partlofdepth=\count326
\c@partlotdepth=\count327
\c@sectlofdepth=\count328
\c@sectlotdepth=\count329


Package minitoc Warning: W0010
(minitoc)                No file Book.toc. 
(minitoc)                MINITOCS NOT PREPARED on input line 40.

Package crop Info: requested driver: `' on input line 40.
Package crop Info: detected driver: `pdftex' on input line 40.
Package crop Info: using `pdftex' graphics driver on input line 40.
\AtBeginShipoutBox=\box102
Package hyperref Info: Link coloring ON on input line 40.
(/usr/local/texlive/2020/texmf-dist/tex/latex/hyperref/nameref.sty
Package: nameref 2019/09/16 v2.46 Cross-referencing by name of section
 (/usr/local/texlive/2020/texmf-dist/tex/latex/refcount/refcount.sty
Package: refcount 2019/12/15 v3.6 Data extraction from label references (HO)
) (/usr/local/texlive/2020/texmf-dist/tex/generic/gettitlestring/gettitlestring.sty
Package: gettitlestring 2019/12/15 v1.6 Cleanup title references (HO)
)
\c@section@level=\count330
)
LaTeX Info: Redefining \ref on input line 40.
LaTeX Info: Redefining \pageref on input line 40.
LaTeX Info: Redefining \nameref on input line 40.
 (.//Book.out) (.//Book.out)
\@outlinefile=\write6
\openout6 = `Book.out'.

Package caption Info: Begin \AtBeginDocument code.
Package caption Info: subfig package v1.3 is loaded.
Package caption Info: End \AtBeginDocument code.
\openout2 = `epi_chapter.aux'.

 (.//epi_chapter.tex
Chapter 1.
LaTeX Font Info:    Trying to load font information for OT1+phv on input line 145.
(/usr/local/texlive/2020/texmf-dist/tex/latex/psnfss/ot1phv.fd
File: ot1phv.fd 2001/06/04 scalable font definitions for OT1/phv.


LaTeX Warning: Font shape declaration has incorrect series value `mc'.
               It should not contain an `m'! Please correct it.
               Found on input line 21.


LaTeX Warning: Font shape declaration has incorrect series value `mc'.
               It should not contain an `m'! Please correct it.
               Found on input line 24.


LaTeX Warning: Font shape declaration has incorrect series value `mc'.
               It should not contain an `m'! Please correct it.
               Found on input line 27.


LaTeX Warning: Font shape declaration has incorrect series value `mc'.
               It should not contain an `m'! Please correct it.
               Found on input line 47.

)
Overfull \hbox (121.0pt too wide) in paragraph at lines 145--145
[][]| [][][]  
 []


Overfull \vbox (56.19597pt too high) detected at line 145
 []

LaTeX Font Info:    Calculating math sizes for size <22> on input line 145.
LaTeX Font Info:    Trying to load font information for U+txsya on input line 145.
(/usr/local/texlive/2020/texmf-dist/tex/latex/txfonts/utxsya.fd
File: utxsya.fd 2000/12/15 v3.1
)
LaTeX Font Info:    Trying to load font information for U+txsyb on input line 145.
 (/usr/local/texlive/2020/texmf-dist/tex/latex/txfonts/utxsyb.fd
File: utxsyb.fd 2000/12/15 v3.1
)
LaTeX Font Info:    Trying to load font information for U+txmia on input line 145.
 (/usr/local/texlive/2020/texmf-dist/tex/latex/txfonts/utxmia.fd
File: utxmia.fd 2000/12/15 v3.1
)
LaTeX Font Info:    Trying to load font information for U+txsyc on input line 145.
 (/usr/local/texlive/2020/texmf-dist/tex/latex/txfonts/utxsyc.fd
File: utxsyc.fd 2000/12/15 v3.1
)
LaTeX Font Info:    Calculating math sizes for size <8.28093> on input line 145.
LaTeX Font Info:    Trying to load font information for OT1+txtt on input line 145.
 (/usr/local/texlive/2020/texmf-dist/tex/latex/txfonts/ot1txtt.fd
File: ot1txtt.fd 2000/12/15 v3.1
)
LaTeX Font Info:    Font shape `OT1/txtt/m/it' in size <8> not available
(Font)              Font shape `OT1/txtt/m/sl' tried instead on input line 145.
Package minitoc Info: I0006
(minitoc)             Book.mtc1 is empty on input line 145.
LaTeX Font Info:    Font shape `OT1/txr/b/n' in size <9> not available
(Font)              Font shape `OT1/txr/bx/n' tried instead on input line 145.
LaTeX Font Info:    Font shape `OT1/txr/b/n' in size <10.03749> not available
(Font)              Font shape `OT1/txr/bx/n' tried instead on input line 145.

Underfull \hbox (badness 10000) has occurred while \output is active
 \OT1/phv/b/n/11 1
 []

[1{/usr/local/texlive/texmf-var/fonts/map/pdftex/updmap/pdftex.map}





]
\verbatim@out=\write7
\openout7 = `./Slides/QuoteArrow1969.tex'.



LaTeX Warning: Characters dropped after `\end{verbatimwrite}' on input line 158.

(./Slides/QuoteArrow1969.tex)
\openout7 = `./Slides/QuoteSimon1984.tex'.



LaTeX Warning: Characters dropped after `\end{verbatimwrite}' on input line 170.

(./Slides/QuoteSimon1984.tex)
\openout7 = `./Slides/QuoteShiller2017.tex'.



LaTeX Warning: Characters dropped after `\end{verbatimwrite}' on input line 182.

(./Slides/QuoteShiller2017.tex)
\openout7 = `./Slides/QuoteInception2010.tex'.



LaTeX Warning: Characters dropped after `\end{verbatimwrite}' on input line 194.

(./Slides/QuoteInception2010.tex)
LaTeX Font Info:    Calculating math sizes for size <10.03749> on input line 205.

Underfull \hbox (badness 10000) has occurred while \output is active
[][]
 []


Overfull \vbox (7.9474pt too high) has occurred while \output is active []


Overfull \hbox (204.915pt too wide) has occurred while \output is active
[]
 []

pdfTeX warning (ext4): destination with the same identifier (name{page.1}) has been already used, duplicate ignored
<to be read again> 
                   \relax 
l.211 
       [1]
\openout7 = `./Slides/FullFledgedEE.tex'.

 (./Slides/FullFledgedEE.tex)
Overfull \hbox (84.89pt too wide) has occurred while \output is active
[][] 
 []


Overfull \vbox (8.15097pt too high) has occurred while \output is active []

 [2]
\openout7 = `./Slides/QuoteBrowningHansenHeckman1999.tex'.



LaTeX Warning: Characters dropped after `\end{verbatimwrite}' on input line 238.

(./Slides/QuoteBrowningHansenHeckman1999.tex)
\openout7 = `./Slides/QuoteHandbookOfMacro.tex'.


Underfull \hbox (badness 10000) has occurred while \output is active
[][]
 []


Overfull \vbox (7.9474pt too high) has occurred while \output is active []


Overfull \hbox (204.915pt too wide) has occurred while \output is active
[]
 []

[3]
Overfull \hbox (84.89pt too wide) has occurred while \output is active
[][] 
 []


Overfull \vbox (8.15097pt too high) has occurred while \output is active []

 [4]
Underfull \hbox (badness 10000) has occurred while \output is active
[][]
 []


Overfull \vbox (7.9474pt too high) has occurred while \output is active []


Overfull \hbox (204.915pt too wide) has occurred while \output is active
[]
 []

[5]
\openout7 = `./Slides/FigureParker.tex'.



LaTeX Warning: Characters dropped after `\end{verbatimwrite}' on input line 356.

(./Slides/FigureParker.tex

pdfTeX warning: pdflatex (file .//./figures/parker.pdf): PDF inclusion: found PDF version <1.7>, but at most version <1.5> allowed
<./figures/parker.pdf, id=309, 366.36874pt x 270.00874pt>
File: ./figures/parker.pdf Graphic file (type pdf)
<use ./figures/parker.pdf>
Package pdftex.def Info: ./figures/parker.pdf  used on input line 5.
(pdftex.def)             Requested size: 337.11pt x 248.46048pt.
)
Overfull \hbox (84.89pt too wide) has occurred while \output is active
[][] 
 []


Overfull \vbox (8.15097pt too high) has occurred while \output is active []

 [6]
Underfull \hbox (badness 10000) has occurred while \output is active
[][]
 []


Overfull \vbox (8.03542pt too high) has occurred while \output is active []


Overfull \hbox (204.915pt too wide) has occurred while \output is active
[]
 []

[7 <.//./figures/parker.pdf>]
\openout7 = `./Tables/SIDynCS.tex'.

 (./Tables/SIDynCS.tex)
\openout7 = `./Tables/SIDynTrans.tex'.

 (./Tables/SIDynTrans.tex)
Overfull \hbox (84.89pt too wide) has occurred while \output is active
[][] 
 []


Overfull \vbox (8.15097pt too high) has occurred while \output is active []

 [8]
LaTeX Font Info:    Font shape `OT1/phv/b/it' in size <11.04124> not available
(Font)              Font shape `OT1/phv/b/sl' tried instead on input line 464.
 (.//subparts/shiller_pound.tex
Underfull \hbox (badness 10000) has occurred while \output is active
[][]
 []


Overfull \vbox (8.03542pt too high) has occurred while \output is active []


Overfull \hbox (204.915pt too wide) has occurred while \output is active
[]
 []

[9]
\openout7 = `./Slides/FigureSIRFlowDiagram.tex'.



LaTeX Warning: Characters dropped after `\end{verbatimwrite}' on input line 21.

(./Slides/FigureSIRFlowDiagram.tex
<./figures/flow_diagram.pdf, id=413, 867.11955pt x 216.77989pt>
File: ./figures/flow_diagram.pdf Graphic file (type pdf)
<use ./figures/flow_diagram.pdf>
Package pdftex.def Info: ./figures/flow_diagram.pdf  used on input line 5.
(pdftex.def)             Requested size: 303.39694pt x 75.85094pt.
)
\openout7 = `./Equations/beta.tex'.

 (./Equations/beta.tex
Overfull \hbox (84.89pt too wide) has occurred while \output is active
[][] 
 []


Overfull \vbox (8.15097pt too high) has occurred while \output is active []

 [10 <.//./figures/flow_diagram.pdf>])
LaTeX Font Info:    Trying to load font information for OT1+txss on input line 44.
 (/usr/local/texlive/2020/texmf-dist/tex/latex/txfonts/ot1txss.fd
File: ot1txss.fd 2000/12/15 v3.1
)
LaTeX Font Info:    Font shape `OT1/txss/m/n' will be
(Font)              scaled to size 9.53558pt on input line 44.
LaTeX Font Info:    Font shape `OT1/txss/m/n' will be
(Font)              scaled to size 6.67487pt on input line 44.
LaTeX Font Info:    Font shape `OT1/txss/m/n' will be
(Font)              scaled to size 4.76778pt on input line 44.
LaTeX Font Info:    Font shape `OT1/txss/m/n' will be
(Font)              scaled to size 7.86685pt on input line 56.
LaTeX Font Info:    Font shape `OT1/txss/m/n' will be
(Font)              scaled to size 5.50676pt on input line 56.
LaTeX Font Info:    Font shape `OT1/txss/m/n' will be
(Font)              scaled to size 3.93341pt on input line 56.

Underfull \hbox (badness 10000) has occurred while \output is active
[][]
 []


Overfull \vbox (8.03542pt too high) has occurred while \output is active []


Overfull \hbox (204.915pt too wide) has occurred while \output is active
[]
 []

[11])
<./figures/graph_mixer.pdf, id=476, 1434.86063pt x 947.03813pt>
File: ./figures/graph_mixer.pdf Graphic file (type pdf)
<use ./figures/graph_mixer.pdf>
Package pdftex.def Info: ./figures/graph_mixer.pdf  used on input line 520.
(pdftex.def)             Requested size: 337.11pt x 222.49619pt.
 (.//subparts/tech_diffusion.tex
<./figures/graph_diffusion.pdf, id=479, 1434.86063pt x 947.03813pt>
File: ./figures/graph_diffusion.pdf Graphic file (type pdf)
<use ./figures/graph_diffusion.pdf>
Package pdftex.def Info: ./figures/graph_diffusion.pdf  used on input line 9.
(pdftex.def)             Requested size: 303.39694pt x 200.24223pt.

Overfull \hbox (84.89pt too wide) has occurred while \output is active
[][] 
 []


Overfull \vbox (8.15097pt too high) has occurred while \output is active []

 [12]
Underfull \hbox (badness 10000) has occurred while \output is active
[][]
 []


Overfull \vbox (7.9474pt too high) has occurred while \output is active []


Overfull \hbox (204.915pt too wide) has occurred while \output is active
[]
 []

[13 <.//./figures/graph_mixer.pdf>]
Overfull \hbox (84.89pt too wide) has occurred while \output is active
[][] 
 []


Overfull \vbox (8.15097pt too high) has occurred while \output is active []

 [14 <.//./figures/graph_diffusion.pdf>]) (.//subparts/finance.tex
<./figures/graph_investment.pdf, id=575, 1434.86063pt x 947.03813pt>
File: ./figures/graph_investment.pdf Graphic file (type pdf)
<use ./figures/graph_investment.pdf>
Package pdftex.def Info: ./figures/graph_investment.pdf  used on input line 19.
(pdftex.def)             Requested size: 303.39694pt x 200.24223pt.

Underfull \hbox (badness 10000) has occurred while \output is active
[][]
 []


Overfull \vbox (7.9474pt too high) has occurred while \output is active []


Overfull \hbox (204.915pt too wide) has occurred while \output is active
[]
 []

[15]
Overfull \hbox (84.89pt too wide) has occurred while \output is active
[][] 
 []


Overfull \vbox (8.15097pt too high) has occurred while \output is active []

 [16 <.//./figures/graph_investment.pdf>]
\openout7 = `./Slides/FigureSIRSimulation.tex'.



LaTeX Warning: Characters dropped after `\end{verbatimwrite}' on input line 48.

(./Slides/FigureSIRSimulation.tex
<./figures/sir_simulate.pdf, id=629, 939.3795pt x 1589.71921pt>
File: ./figures/sir_simulate.pdf Graphic file (type pdf)
<use ./figures/sir_simulate.pdf>
Package pdftex.def Info: ./figures/sir_simulate.pdf  used on input line 5.
(pdftex.def)             Requested size: 286.54616pt x 447.10744pt.


LaTeX Warning: Float too large for page by 39.94226pt on input line 9.

)
Underfull \hbox (badness 10000) has occurred while \output is active
[][]
 []


Overfull \vbox (7.9474pt too high) has occurred while \output is active []


Overfull \hbox (204.915pt too wide) has occurred while \output is active
[]
 []

[17]
Overfull \hbox (84.89pt too wide) has occurred while \output is active
[][] 
 []


Overfull \vbox (8.15097pt too high) has occurred while \output is active []

 [18 <.//./figures/sir_simulate.pdf>]
Underfull \hbox (badness 10000) has occurred while \output is active
[][]
 []


Overfull \vbox (7.9474pt too high) has occurred while \output is active []


Overfull \hbox (204.915pt too wide) has occurred while \output is active
[]
 []

[19]) (.//subparts/macro_expectation.tex
Overfull \hbox (84.89pt too wide) has occurred while \output is active
[][] 
 []


Overfull \vbox (8.15097pt too high) has occurred while \output is active []

 [20]
<./figures/graph_macro.pdf, id=691, 1434.86063pt x 947.03813pt>
File: ./figures/graph_macro.pdf Graphic file (type pdf)
<use ./figures/graph_macro.pdf>
Package pdftex.def Info: ./figures/graph_macro.pdf  used on input line 12.
(pdftex.def)             Requested size: 303.39694pt x 200.24223pt.

Underfull \hbox (badness 10000) has occurred while \output is active
[][]
 []


Overfull \vbox (7.9474pt too high) has occurred while \output is active []


Overfull \hbox (204.915pt too wide) has occurred while \output is active
[]
 []

[21 <.//./figures/graph_macro.pdf>]
LaTeX Font Info:    Calculating math sizes for size <9.53561> on input line 40.
LaTeX Font Info:    Font shape `OT1/txss/m/n' will be
(Font)              scaled to size 9.05879pt on input line 40.
LaTeX Font Info:    Font shape `OT1/txss/m/n' will be
(Font)              scaled to size 6.34113pt on input line 40.
LaTeX Font Info:    Font shape `OT1/txss/m/n' will be
(Font)              scaled to size 4.52939pt on input line 40.

Overfull \hbox (84.89pt too wide) has occurred while \output is active
[][] 
 []


Overfull \vbox (8.15097pt too high) has occurred while \output is active []

 [22]
Underfull \hbox (badness 10000) has occurred while \output is active
[][]
 []


Overfull \vbox (7.9474pt too high) has occurred while \output is active []


Overfull \hbox (204.915pt too wide) has occurred while \output is active
[]
 []

[23]) (.//subparts/empirical_evidence.tex
Overfull \hbox (84.89pt too wide) has occurred while \output is active
[][] 
 []


Overfull \vbox (8.15097pt too high) has occurred while \output is active []

 [24]
\openout7 = `./Slides/MicroEvidence.tex'.

 (./Slides/MicroEvidence.tex)
Underfull \hbox (badness 10000) has occurred while \output is active
[][]
 []


Overfull \vbox (7.9474pt too high) has occurred while \output is active []


Overfull \hbox (204.915pt too wide) has occurred while \output is active
[]
 []

[25]
LaTeX Font Info:    Font shape `OT1/txr/b/it' in size <10.03749> not available
(Font)              Font shape `OT1/txr/bx/it' tried instead on input line 54.

Overfull \hbox (84.89pt too wide) has occurred while \output is active
[][] 
 []


Overfull \vbox (8.15097pt too high) has occurred while \output is active []

 [26]
Underfull \hbox (badness 10000) has occurred while \output is active
[][]
 []


Overfull \vbox (7.9474pt too high) has occurred while \output is active []


Overfull \hbox (204.915pt too wide) has occurred while \output is active
[]
 []

[27]) (.//subparts/contagion_bank_run.tex
Overfull \hbox (84.89pt too wide) has occurred while \output is active
[][] 
 []


Overfull \vbox (8.15097pt too high) has occurred while \output is active []

 [28]
Underfull \hbox (badness 10000) has occurred while \output is active
[][]
 []


Overfull \vbox (7.9474pt too high) has occurred while \output is active []


Overfull \hbox (204.915pt too wide) has occurred while \output is active
[]
 []

[29]) (.//subparts/non-econ.tex
\openout7 = `./Slides/NonEcon.tex'.

 (./Slides/NonEcon.tex)
<./figures/graph_other.pdf, id=996, 1273.75874pt x 925.20656pt>
File: ./figures/graph_other.pdf Graphic file (type pdf)
<use ./figures/graph_other.pdf>
Package pdftex.def Info: ./figures/graph_other.pdf  used on input line 20.
(pdftex.def)             Requested size: 337.11pt x 244.85387pt.
\openout7 = `./Slides/FigureNewsCurve.tex'.



LaTeX Warning: Characters dropped after `\end{verbatimwrite}' on input line 42.

(./Slides/FigureNewsCurve.tex

pdfTeX warning: pdflatex (file .//./figures/Doomsday.pdf): PDF inclusion: found PDF version <1.7>, but at most version <1.5> allowed
<./figures/Doomsday.pdf, id=1004, 533.995pt x 248.93pt>
File: ./figures/Doomsday.pdf Graphic file (type pdf)
<use ./figures/Doomsday.pdf>
Package pdftex.def Info: ./figures/Doomsday.pdf  used on input line 4.
(pdftex.def)             Requested size: 337.11pt x 157.15338pt.
)
Overfull \hbox (84.89pt too wide) has occurred while \output is active
[][] 
 []


Overfull \vbox (8.15097pt too high) has occurred while \output is active []

 [30]
Underfull \hbox (badness 10000) has occurred while \output is active
[][]
 []


Overfull \vbox (7.9474pt too high) has occurred while \output is active []


Overfull \hbox (204.915pt too wide) has occurred while \output is active
[]
 []

[31 <.//./figures/graph_other.pdf>]
\openout7 = `./Slides/FigureScienceIdeasCurve.tex'.



LaTeX Warning: Characters dropped after `\end{verbatimwrite}' on input line 70.

(./Slides/FigureScienceIdeasCurve.tex

pdfTeX warning: pdflatex (file .//./figures/Feynman.pdf): PDF inclusion: found PDF version <1.7>, but at most version <1.5> allowed
<./figures/Feynman.pdf, id=1078, 704.6325pt x 477.785pt>
File: ./figures/Feynman.pdf Graphic file (type pdf)
<use ./figures/Feynman.pdf>
Package pdftex.def Info: ./figures/Feynman.pdf  used on input line 4.
(pdftex.def)             Requested size: 337.11pt x 228.58328pt.
)
\openout7 = `./Slides/FigureMemesCurve.tex'.



LaTeX Warning: Characters dropped after `\end{verbatimwrite}' on input line 101.

(./Slides/FigureMemesCurve.tex

pdfTeX warning: pdflatex (file .//./figures/Memes1.pdf): PDF inclusion: found PDF version <1.7>, but at most version <1.5> allowed
<./figures/Memes1.pdf, id=1093, 289.08pt x 106.3975pt>
File: ./figures/Memes1.pdf Graphic file (type pdf)
<use ./figures/Memes1.pdf>
Package pdftex.def Info: ./figures/Memes1.pdf  used on input line 4.
(pdftex.def)             Requested size: 337.11pt x 124.08194pt.


pdfTeX warning: pdflatex (file .//./figures/Memes2.pdf): PDF inclusion: found PDF version <1.7>, but at most version <1.5> allowed
<./figures/Memes2.pdf, id=1094, 288.07625pt x 106.3975pt>
File: ./figures/Memes2.pdf Graphic file (type pdf)
<use ./figures/Memes2.pdf>
Package pdftex.def Info: ./figures/Memes2.pdf  used on input line 6.
(pdftex.def)             Requested size: 337.11pt x 124.51216pt.


pdfTeX warning: pdflatex (file .//./figures/Memes3.pdf): PDF inclusion: found PDF version <1.7>, but at most version <1.5> allowed
<./figures/Memes3.pdf, id=1095, 291.0875pt x 107.40125pt>
File: ./figures/Memes3.pdf Graphic file (type pdf)
<use ./figures/Memes3.pdf>
Package pdftex.def Info: ./figures/Memes3.pdf  used on input line 8.
(pdftex.def)             Requested size: 337.11pt x 124.39214pt.
)) (.//subparts/future_directions.tex
Overfull \hbox (84.89pt too wide) has occurred while \output is active
[][] 
 []


Overfull \vbox (8.15097pt too high) has occurred while \output is active []

 [32 <.//./figures/Doomsday.pdf>]
Underfull \hbox (badness 10000) has occurred while \output is active
[][]
 []


Overfull \vbox (7.9474pt too high) has occurred while \output is active []


Overfull \hbox (204.915pt too wide) has occurred while \output is active
[]
 []

[33 <.//./figures/Feynman.pdf>]

LaTeX Warning: Text page 34 contains only floats.


Overfull \vbox (29.97282pt too high) has occurred while \output is active []


Overfull \hbox (84.89pt too wide) has occurred while \output is active
[][] 
 []


Overfull \vbox (8.15097pt too high) has occurred while \output is active []

 [34 <.//./figures/Memes1.pdf> <.//./figures/Memes2.pdf> <.//./figures/Memes3.pdf>])
Underfull \hbox (badness 10000) has occurred while \output is active
[][]
 []


Overfull \vbox (7.9474pt too high) has occurred while \output is active []


Overfull \hbox (204.915pt too wide) has occurred while \output is active
[]
 []

[35] (.//subparts/conclusion.tex
Overfull \hbox (84.89pt too wide) has occurred while \output is active
[][] 
 []


Overfull \vbox (8.15097pt too high) has occurred while \output is active []

 [36]) (.//Book.bbl
Underfull \hbox (badness 10000) has occurred while \output is active
[][]
 []


Overfull \vbox (8.107pt too high) has occurred while \output is active []


Overfull \hbox (204.915pt too wide) has occurred while \output is active
[]
 []

[37] [38

]
Underfull \hbox (badness 10000) has occurred while \output is active
 \OT1/phv/b/n/11 39
 []

[39]
LaTeX Font Info:    Calculating math sizes for size <8.5> on input line 177.
LaTeX Font Info:    Font shape `OT1/txss/m/n' will be
(Font)              scaled to size 8.07497pt on input line 177.
LaTeX Font Info:    Font shape `OT1/txss/m/n' will be
(Font)              scaled to size 5.65244pt on input line 177.
LaTeX Font Info:    Font shape `OT1/txss/m/n' will be
(Font)              scaled to size 4.03748pt on input line 177.

Overfull \hbox (84.89pt too wide) has occurred while \output is active
[][] 
 []


Overfull \vbox (8.15097pt too high) has occurred while \output is active []

 [40]
Underfull \hbox (badness 10000) has occurred while \output is active
[][]
 []


Overfull \vbox (8.107pt too high) has occurred while \output is active []


Overfull \hbox (204.915pt too wide) has occurred while \output is active
[]
 []

[41]
Overfull \hbox (84.89pt too wide) has occurred while \output is active
[][] 
 []


Overfull \vbox (8.15097pt too high) has occurred while \output is active []

 [42]
Underfull \hbox (badness 10000) has occurred while \output is active
[][]
 []


Overfull \vbox (8.107pt too high) has occurred while \output is active []


Overfull \hbox (204.915pt too wide) has occurred while \output is active
[]
 []

[43])
Overfull \hbox (84.89pt too wide) has occurred while \output is active
[][] 
 []


Overfull \vbox (8.15097pt too high) has occurred while \output is active []

 [44])
Package minitoc Info: I0009
(minitoc)             Listing minitoc auxiliary files. 
(minitoc)             Creating the Book.maf file.
\openout3 = `Book.maf'.

Package atveryend Info: Empty hook `BeforeClearDocument' on input line 64.
Package atveryend Info: Empty hook `AfterLastShipout' on input line 64.
 (.//Book.aux (.//epi_chapter.aux))
Package atveryend Info: Executing hook `AtVeryEndDocument' on input line 64.
Package atveryend Info: Executing hook `AtEndAfterFileList' on input line 64.
Package rerunfilecheck Info: File `Book.out' has not changed.
(rerunfilecheck)             Checksum: C87CF1DB0C1F79AEB59B23D4E4AD1DB2;2530.
Package atveryend Info: Empty hook `AtVeryVeryEnd' on input line 64.
 ) 
Here is how much of TeX's memory you used:
 12659 strings out of 480608
 189858 string characters out of 5903631
 460854 words of memory out of 5000000
 27660 multiletter control sequences out of 15000+600000
 666203 words of font info for 324 fonts, out of 8000000 for 9000
 1141 hyphenation exceptions out of 8191
 43i,16n,57p,2184b,677s stack positions out of 5000i,500n,10000p,200000b,80000s
{/usr/local/texlive/2020/texmf-dist/fonts/enc/dvips/base/8r.enc}</usr/local/texlive/2020/texmf-dist/fonts/type1/public/amsfonts/latxfont/lcircle1.pfb></usr/local/texlive/2020/texmf-dist/fonts/type1/public/txfonts/rtxi.pfb></usr/local/texlive/2020/texmf-dist/fonts/type1/public/txfonts/rtxmi.pfb></usr/local/texlive/2020/texmf-dist/fonts/type1/public/txfonts/rtxr.pfb></usr/local/texlive/2020/texmf-dist/fonts/type1/public/txfonts/txsy.pfb></usr/local/texlive/2020/texmf-dist/fonts/type1/public/txfonts/txsyb.pfb></usr/local/texlive/2020/texmf-dist/fonts/type1/public/txfonts/txtt.pfb></usr/local/texlive/2020/texmf-dist/fonts/type1/public/txfonts/txtt.pfb></usr/local/texlive/2020/texmf-dist/fonts/type1/urw/helvetic/uhvb8a.pfb></usr/local/texlive/2020/texmf-dist/fonts/type1/urw/helvetic/uhvbo8a.pfb></usr/local/texlive/2020/texmf-dist/fonts/type1/urw/helvetic/uhvr8a.pfb></usr/local/texlive/2020/texmf-dist/fonts/type1/urw/times/utmbi8a.pfb></usr/local/texlive/2020/texmf-dist/fonts/type1/urw/tim
es/utmr8a.pfb></usr/local/texlive/2020/texmf-dist/fonts/type1/urw/times/utmri8a.pfb>
Output written on .//Book.pdf (45 pages, 2789887 bytes).
PDF statistics:
 1331 PDF objects out of 1440 (max. 8388607)
 1212 compressed objects within 13 object streams
 282 named destinations out of 1000 (max. 500000)
 322 words of extra memory for PDF output out of 10000 (max. 10000000)

