\BOOKMARK [0][-]{chapter.1}{Chapter Title}{}% 1
\BOOKMARK [1][-]{section.1.1}{Introduction}{chapter.1}% 2
\BOOKMARK [1][-]{section.1.2}{Background and Motivation}{chapter.1}% 3
\BOOKMARK [2][-]{subsection.1.2.1}{Expectational Heterogeneity}{section.1.2}% 4
\BOOKMARK [2][-]{subsection.1.2.2}{Epistemology and Epidemiology}{section.1.2}% 5
\BOOKMARK [2][-]{subsection.1.2.3}{Epidemiology on Networks}{section.1.2}% 6
\BOOKMARK [2][-]{subsection.1.2.4}{Expectational Tribes}{section.1.2}% 7
\BOOKMARK [1][-]{section.1.3}{What insights can the epidemiological framework offer?}{chapter.1}% 8
\BOOKMARK [2][-]{subsection.1.3.1}{What Is an Epidemiological Framework?}{section.1.3}% 9
\BOOKMARK [3][-]{subsubsection.1.3.1.1}{Adapting the Disease Metaphor to Expectations}{subsection.1.3.1}% 10
\BOOKMARK [2][-]{subsection.1.3.2}{One Example}{section.1.3}% 11
\BOOKMARK [1][-]{section.1.4}{Literature}{chapter.1}% 12
\BOOKMARK [2][-]{subsection.1.4.1}{Diffusion of Technology}{section.1.4}% 13
\BOOKMARK [2][-]{subsection.1.4.2}{Financial Markets}{section.1.4}% 14
\BOOKMARK [2][-]{subsection.1.4.3}{Macroeconomic Expectations}{section.1.4}% 15
\BOOKMARK [3][-]{subsubsection.1.4.3.1}{Sticky Expectations}{subsection.1.4.3}% 16
\BOOKMARK [3][-]{subsubsection.1.4.3.2}{Effectiveness of Monetary Policy}{subsection.1.4.3}% 17
\BOOKMARK [3][-]{subsubsection.1.4.3.3}{Sticky Consumption}{subsection.1.4.3}% 18
\BOOKMARK [3][-]{subsubsection.1.4.3.4}{Social Learning of Macroeconomic Equilibria}{subsection.1.4.3}% 19
\BOOKMARK [2][-]{subsection.1.4.4}{Nonstructural Empirical Evidence}{section.1.4}% 20
\BOOKMARK [3][-]{subsubsection.1.4.4.1}{Background}{subsection.1.4.4}% 21
\BOOKMARK [3][-]{subsubsection.1.4.4.2}{Papers Using Proxies for Social Connections}{subsection.1.4.4}% 22
\BOOKMARK [3][-]{subsubsection.1.4.4.3}{Directly Measured Social Networks}{subsection.1.4.4}% 23
\BOOKMARK [3][-]{subsubsection.1.4.4.4}{News Media}{subsection.1.4.4}% 24
\BOOKMARK [3][-]{subsubsection.1.4.4.5}{Epidemiology and `Narrative Economics'}{subsection.1.4.4}% 25
\BOOKMARK [2][-]{subsection.1.4.5}{Contagion}{section.1.4}% 26
\BOOKMARK [3][-]{subsubsection.1.4.5.1}{Multiple Equilibrium}{subsection.1.4.5}% 27
\BOOKMARK [2][-]{subsection.1.4.6}{Non-economic Applications}{section.1.4}% 28
\BOOKMARK [2][-]{subsection.1.4.7}{Future Directions}{section.1.4}% 29
\BOOKMARK [2][-]{subsection.1.4.8}{Literature Summation}{section.1.4}% 30
\BOOKMARK [1][-]{section.1.5}{Conclusion}{chapter.1}% 31
\BOOKMARK [1][-]{section.1.5}{References}{chapter.1}% 32
