This is pdfTeX, Version 3.14159265-2.6-1.40.21 (TeX Live 2020) (preloaded format=latex 2020.4.7)  6 FEB 2022 19:06
entering extended mode
 \write18 enabled.
 %&-line parsing enabled.
**econtexRoot.tex
(./econtexRoot.tex
LaTeX2e <2020-02-02> patch level 5
L3 programming layer <2020-03-06> (./Resources/econtexPaths.tex))
*
! Emergency stop.
<*> econtexRoot.tex
                   
End of file on the terminal!

 
Here is how much of TeX's memory you used:
 45 strings out of 480609
 752 string characters out of 5903657
 239607 words of memory out of 5000000
 16035 multiletter control sequences out of 15000+600000
 532338 words of font info for 24 fonts, out of 8000000 for 9000
 1141 hyphenation exceptions out of 8191
 12i,0n,15p,361b,10s stack positions out of 5000i,500n,10000p,200000b,80000s
No pages of output.
